{"C:\\Users\\omar.rao\\OneDrive - Veeam Software Corporation\\Claude\\github-gdrive-backup\\src\\cli.js": {"path":"C:\\Users\\omar.rao\\OneDrive - Veeam Software Corporation\\Claude\\github-gdrive-backup\\src\\cli.js","statementMap":{"0":{"start":{"line":15,"column":18},"end":{"line":15,"column":42}},"1":{"start":{"line":16,"column":13},"end":{"line":16,"column":28}},"2":{"start":{"line":18,"column":30},"end":{"line":18,"column":42}},"3":{"start":{"line":20,"column":17},"end":{"line":24,"column":1}},"4":{"start":{"line":27,"column":2},"end":{"line":35,"column":3}},"5":{"start":{"line":36,"column":2},"end":{"line":36,"column":18}},"6":{"start":{"line":39,"column":0},"end":{"line":41,"column":1}},"7":{"start":{"line":40,"column":2},"end":{"line":40,"column":10}},"8":{"start":{"line":43,"column":14},"end":{"line":46,"column":2}},"9":{"start":{"line":48,"column":0},"end":{"line":48,"column":50}},"10":{"start":{"line":48,"column":25},"end":{"line":48,"column":48}},"11":{"start":{"line":49,"column":0},"end":{"line":49,"column":75}},"12":{"start":{"line":49,"column":27},"end":{"line":49,"column":54}},"13":{"start":{"line":49,"column":55},"end":{"line":49,"column":71}}},"fnMap":{"0":{"name":"usage","decl":{"start":{"line":26,"column":9},"end":{"line":26,"column":14}},"loc":{"start":{"line":26,"column":17},"end":{"line":37,"column":1}},"line":26},"1":{"name":"(anonymous_1)","decl":{"start":{"line":48,"column":17},"end":{"line":48,"column":18}},"loc":{"start":{"line":48,"column":25},"end":{"line":48,"column":48}},"line":48},"2":{"name":"(anonymous_2)","decl":{"start":{"line":49,"column":18},"end":{"line":49,"column":19}},"loc":{"start":{"line":49,"column":25},"end":{"line":49,"column":73}},"line":49}},"branchMap":{"0":{"loc":{"start":{"line":39,"column":0},"end":{"line":41,"column":1}},"type":"if","locations":[{"start":{"line":39,"column":0},"end":{"line":41,"column":1}},{"start":{},"end":{}}],"line":39},"1":{"loc":{"start":{"line":39,"column":4},"end":{"line":39,"column":34}},"type":"binary-expr","locations":[{"start":{"line":39,"column":4},"end":{"line":39,"column":12}},{"start":{"line":39,"column":16},"end":{"line":39,"column":34}}],"line":39},"2":{"loc":{"start":{"line":48,"column":38},"end":{"line":48,"column":47}},"type":"binary-expr","locations":[{"start":{"line":48,"column":38},"end":{"line":48,"column":42}},{"start":{"line":48,"column":46},"end":{"line":48,"column":47}}],"line":48}},"s":{"0":0,"1":0,"2":0,"3":0,"4":0,"5":0,"6":0,"7":0,"8":0,"9":0,"10":0,"11":0,"12":0,"13":0},"f":{"0":0,"1":0,"2":0},"b":{"0":[0,0],"1":[0,0],"2":[0,0]}}
,"C:\\Users\\omar.rao\\OneDrive - Veeam Software Corporation\\Claude\\github-gdrive-backup\\src\\logger.js": {"path":"C:\\Users\\omar.rao\\OneDrive - Veeam Software Corporation\\Claude\\github-gdrive-backup\\src\\logger.js","statementMap":{"0":{"start":{"line":5,"column":45},"end":{"line":5,"column":63}},"1":{"start":{"line":6,"column":13},"end":{"line":6,"column":28}},"2":{"start":{"line":7,"column":11},"end":{"line":7,"column":24}},"3":{"start":{"line":9,"column":15},"end":{"line":9,"column":47}},"4":{"start":{"line":10,"column":0},"end":{"line":10,"column":42}},"5":{"start":{"line":12,"column":15},"end":{"line":30,"column":2}},"6":{"start":{"line":18,"column":6},"end":{"line":20,"column":60}},"7":{"start":{"line":32,"column":0},"end":{"line":32,"column":24}}},"fnMap":{"0":{"name":"(anonymous_0)","decl":{"start":{"line":17,"column":18},"end":{"line":17,"column":19}},"loc":{"start":{"line":18,"column":6},"end":{"line":20,"column":60}},"line":18}},"branchMap":{"0":{"loc":{"start":{"line":13,"column":9},"end":{"line":13,"column":40}},"type":"binary-expr","locations":[{"start":{"line":13,"column":9},"end":{"line":13,"column":30}},{"start":{"line":13,"column":34},"end":{"line":13,"column":40}}],"line":13},"1":{"loc":{"start":{"line":18,"column":6},"end":{"line":20,"column":60}},"type":"cond-expr","locations":[{"start":{"line":19,"column":10},"end":{"line":19,"column":70}},{"start":{"line":20,"column":10},"end":{"line":20,"column":60}}],"line":18}},"s":{"0":4,"1":4,"2":4,"3":4,"4":4,"5":4,"6":7,"7":4},"f":{"0":7},"b":{"0":[4,4],"1":[0,7]},"_coverageSchema":"1a1c01bbd47fc00a2c39e90264f33305004495a9","hash":"0dbb2dceb6e3f0c12e755cf58c156eb77928a7c2"}
,"C:\\Users\\omar.rao\\OneDrive - Veeam Software Corporation\\Claude\\github-gdrive-backup\\src\\audit\\log.js": {"path":"C:\\Users\\omar.rao\\OneDrive - Veeam Software Corporation\\Claude\\github-gdrive-backup\\src\\audit\\log.js","statementMap":{"0":{"start":{"line":14,"column":11},"end":{"line":14,"column":24}},"1":{"start":{"line":15,"column":13},"end":{"line":15,"column":28}},"2":{"start":{"line":16,"column":15},"end":{"line":16,"column":32}},"3":{"start":{"line":18,"column":16},"end":{"line":18,"column":30}},"4":{"start":{"line":22,"column":28},"end":{"line":22,"column":33}},"5":{"start":{"line":23,"column":2},"end":{"line":23,"column":80}},"6":{"start":{"line":33,"column":15},"end":{"line":33,"column":81}},"7":{"start":{"line":34,"column":2},"end":{"line":34,"column":44}},"8":{"start":{"line":39,"column":2},"end":{"line":39,"column":58}},"9":{"start":{"line":44,"column":2},"end":{"line":46,"column":21}},"10":{"start":{"line":45,"column":4},"end":{"line":45,"column":56}},"11":{"start":{"line":45,"column":10},"end":{"line":45,"column":31}},"12":{"start":{"line":45,"column":42},"end":{"line":45,"column":54}},"13":{"start":{"line":51,"column":2},"end":{"line":57,"column":3}},"14":{"start":{"line":52,"column":20},"end":{"line":52,"column":56}},"15":{"start":{"line":53,"column":4},"end":{"line":53,"column":40}},"16":{"start":{"line":53,"column":25},"end":{"line":53,"column":40}},"17":{"start":{"line":54,"column":4},"end":{"line":54,"column":86}},"18":{"start":{"line":56,"column":4},"end":{"line":56,"column":19}},"19":{"start":{"line":62,"column":2},"end":{"line":62,"column":70}},"20":{"start":{"line":63,"column":16},"end":{"line":63,"column":57}},"21":{"start":{"line":64,"column":2},"end":{"line":64,"column":45}},"22":{"start":{"line":65,"column":2},"end":{"line":65,"column":15}},"23":{"start":{"line":73,"column":18},"end":{"line":73,"column":85}},"24":{"start":{"line":74,"column":13},"end":{"line":74,"column":20}},"25":{"start":{"line":75,"column":2},"end":{"line":80,"column":3}},"26":{"start":{"line":75,"column":15},"end":{"line":75,"column":16}},"27":{"start":{"line":76,"column":14},"end":{"line":76,"column":24}},"28":{"start":{"line":77,"column":4},"end":{"line":77,"column":84}},"29":{"start":{"line":77,"column":25},"end":{"line":77,"column":84}},"30":{"start":{"line":78,"column":4},"end":{"line":78,"column":92}},"31":{"start":{"line":78,"column":33},"end":{"line":78,"column":92}},"32":{"start":{"line":79,"column":4},"end":{"line":79,"column":18}},"33":{"start":{"line":81,"column":2},"end":{"line":81,"column":38}},"34":{"start":{"line":84,"column":0},"end":{"line":84,"column":102}}},"fnMap":{"0":{"name":"hashEntry","decl":{"start":{"line":21,"column":9},"end":{"line":21,"column":18}},"loc":{"start":{"line":21,"column":26},"end":{"line":24,"column":1}},"line":21},"1":{"name":"buildEntry","decl":{"start":{"line":32,"column":9},"end":{"line":32,"column":19}},"loc":{"start":{"line":32,"column":60},"end":{"line":35,"column":1}},"line":32},"2":{"name":"formatLine","decl":{"start":{"line":38,"column":9},"end":{"line":38,"column":19}},"loc":{"start":{"line":38,"column":27},"end":{"line":40,"column":1}},"line":38},"3":{"name":"parse","decl":{"start":{"line":43,"column":9},"end":{"line":43,"column":14}},"loc":{"start":{"line":43,"column":21},"end":{"line":47,"column":1}},"line":43},"4":{"name":"(anonymous_4)","decl":{"start":{"line":44,"column":54},"end":{"line":44,"column":55}},"loc":{"start":{"line":44,"column":59},"end":{"line":46,"column":3}},"line":44},"5":{"name":"lastHash","decl":{"start":{"line":50,"column":9},"end":{"line":50,"column":17}},"loc":{"start":{"line":50,"column":24},"end":{"line":58,"column":1}},"line":50},"6":{"name":"append","decl":{"start":{"line":61,"column":9},"end":{"line":61,"column":15}},"loc":{"start":{"line":61,"column":42},"end":{"line":66,"column":1}},"line":61},"7":{"name":"verifyChain","decl":{"start":{"line":72,"column":9},"end":{"line":72,"column":20}},"loc":{"start":{"line":72,"column":36},"end":{"line":82,"column":1}},"line":72}},"branchMap":{"0":{"loc":{"start":{"line":32,"column":27},"end":{"line":32,"column":38}},"type":"default-arg","locations":[{"start":{"line":32,"column":36},"end":{"line":32,"column":38}}],"line":32},"1":{"loc":{"start":{"line":32,"column":40},"end":{"line":32,"column":58}},"type":"default-arg","locations":[{"start":{"line":32,"column":51},"end":{"line":32,"column":58}}],"line":32},"2":{"loc":{"start":{"line":44,"column":10},"end":{"line":44,"column":20}},"type":"binary-expr","locations":[{"start":{"line":44,"column":10},"end":{"line":44,"column":14}},{"start":{"line":44,"column":18},"end":{"line":44,"column":20}}],"line":44},"3":{"loc":{"start":{"line":53,"column":4},"end":{"line":53,"column":40}},"type":"if","locations":[{"start":{"line":53,"column":4},"end":{"line":53,"column":40}},{"start":{},"end":{}}],"line":53},"4":{"loc":{"start":{"line":54,"column":11},"end":{"line":54,"column":85}},"type":"binary-expr","locations":[{"start":{"line":54,"column":11},"end":{"line":54,"column":43}},{"start":{"line":54,"column":47},"end":{"line":54,"column":85}}],"line":54},"5":{"loc":{"start":{"line":61,"column":29},"end":{"line":61,"column":40}},"type":"default-arg","locations":[{"start":{"line":61,"column":38},"end":{"line":61,"column":40}}],"line":61},"6":{"loc":{"start":{"line":73,"column":18},"end":{"line":73,"column":85}},"type":"cond-expr","locations":[{"start":{"line":73,"column":49},"end":{"line":73,"column":62}},{"start":{"line":73,"column":65},"end":{"line":73,"column":85}}],"line":73},"7":{"loc":{"start":{"line":77,"column":4},"end":{"line":77,"column":84}},"type":"if","locations":[{"start":{"line":77,"column":4},"end":{"line":77,"column":84}},{"start":{},"end":{}}],"line":77},"8":{"loc":{"start":{"line":78,"column":4},"end":{"line":78,"column":92}},"type":"if","locations":[{"start":{"line":78,"column":4},"end":{"line":78,"column":92}},{"start":{},"end":{}}],"line":78}},"s":{"0":1,"1":1,"2":1,"3":1,"4":17,"5":17,"6":12,"7":12,"8":6,"9":6,"10":12,"11":12,"12":1,"13":5,"14":5,"15":3,"16":0,"17":3,"18":2,"19":5,"20":5,"21":5,"22":5,"23":3,"24":3,"25":3,"26":3,"27":6,"28":6,"29":1,"30":5,"31":1,"32":4,"33":1,"34":1},"f":{"0":17,"1":12,"2":6,"3":6,"4":12,"5":5,"6":5,"7":3},"b":{"0":[0],"1":[4],"2":[6,0],"3":[0,3],"4":[3,0],"5":[0],"6":[3,0],"7":[1,5],"8":[1,4]},"_coverageSchema":"1a1c01bbd47fc00a2c39e90264f33305004495a9","hash":"5dd3f70905be17d9cfe4c1118fb35f55d083f608"}
,"C:\\Users\\omar.rao\\OneDrive - Veeam Software Corporation\\Claude\\github-gdrive-backup\\src\\auth\\google-auth.js": {"path":"C:\\Users\\omar.rao\\OneDrive - Veeam Software Corporation\\Claude\\github-gdrive-backup\\src\\auth\\google-auth.js","statementMap":{"0":{"start":{"line":11,"column":0},"end":{"line":11,"column":27}},"1":{"start":{"line":12,"column":19},"end":{"line":12,"column":40}},"2":{"start":{"line":13,"column":11},"end":{"line":13,"column":24}},"3":{"start":{"line":14,"column":13},"end":{"line":14,"column":28}},"4":{"start":{"line":15,"column":17},"end":{"line":15,"column":36}},"5":{"start":{"line":17,"column":15},"end":{"line":17,"column":61}},"6":{"start":{"line":18,"column":20},"end":{"line":18,"column":102}},"7":{"start":{"line":19,"column":19},"end":{"line":19,"column":85}},"8":{"start":{"line":21,"column":0},"end":{"line":47,"column":5}},"9":{"start":{"line":22,"column":2},"end":{"line":26,"column":3}},"10":{"start":{"line":23,"column":4},"end":{"line":23,"column":63}},"11":{"start":{"line":24,"column":4},"end":{"line":24,"column":91}},"12":{"start":{"line":25,"column":4},"end":{"line":25,"column":20}},"13":{"start":{"line":28,"column":17},"end":{"line":28,"column":57}},"14":{"start":{"line":29,"column":54},"end":{"line":29,"column":84}},"15":{"start":{"line":30,"column":17},"end":{"line":30,"column":109}},"16":{"start":{"line":32,"column":18},"end":{"line":32,"column":83}},"17":{"start":{"line":33,"column":2},"end":{"line":33,"column":74}},"18":{"start":{"line":34,"column":2},"end":{"line":34,"column":23}},"19":{"start":{"line":35,"column":2},"end":{"line":35,"column":16}},"20":{"start":{"line":37,"column":13},"end":{"line":37,"column":87}},"21":{"start":{"line":38,"column":2},"end":{"line":46,"column":5}},"22":{"start":{"line":39,"column":4},"end":{"line":39,"column":15}},"23":{"start":{"line":40,"column":23},"end":{"line":40,"column":57}},"24":{"start":{"line":41,"column":4},"end":{"line":41,"column":34}},"25":{"start":{"line":42,"column":4},"end":{"line":42,"column":64}},"26":{"start":{"line":43,"column":4},"end":{"line":43,"column":66}},"27":{"start":{"line":44,"column":4},"end":{"line":44,"column":50}},"28":{"start":{"line":45,"column":4},"end":{"line":45,"column":44}}},"fnMap":{"0":{"name":"(anonymous_0)","decl":{"start":{"line":21,"column":1},"end":{"line":21,"column":2}},"loc":{"start":{"line":21,"column":13},"end":{"line":47,"column":1}},"line":21},"1":{"name":"(anonymous_1)","decl":{"start":{"line":38,"column":53},"end":{"line":38,"column":54}},"loc":{"start":{"line":38,"column":69},"end":{"line":46,"column":3}},"line":38}},"branchMap":{"0":{"loc":{"start":{"line":18,"column":20},"end":{"line":18,"column":102}},"type":"binary-expr","locations":[{"start":{"line":18,"column":20},"end":{"line":18,"column":57}},{"start":{"line":18,"column":61},"end":{"line":18,"column":102}}],"line":18},"1":{"loc":{"start":{"line":19,"column":19},"end":{"line":19,"column":85}},"type":"binary-expr","locations":[{"start":{"line":19,"column":19},"end":{"line":19,"column":48}},{"start":{"line":19,"column":52},"end":{"line":19,"column":85}}],"line":19},"2":{"loc":{"start":{"line":22,"column":2},"end":{"line":26,"column":3}},"type":"if","locations":[{"start":{"line":22,"column":2},"end":{"line":26,"column":3}},{"start":{},"end":{}}],"line":22},"3":{"loc":{"start":{"line":29,"column":54},"end":{"line":29,"column":84}},"type":"binary-expr","locations":[{"start":{"line":29,"column":54},"end":{"line":29,"column":70}},{"start":{"line":29,"column":74},"end":{"line":29,"column":84}}],"line":29},"4":{"loc":{"start":{"line":30,"column":67},"end":{"line":30,"column":104}},"type":"binary-expr","locations":[{"start":{"line":30,"column":67},"end":{"line":30,"column":80}},{"start":{"line":30,"column":84},"end":{"line":30,"column":104}}],"line":30}},"s":{"0":0,"1":0,"2":0,"3":0,"4":0,"5":0,"6":0,"7":0,"8":0,"9":0,"10":0,"11":0,"12":0,"13":0,"14":0,"15":0,"16":0,"17":0,"18":0,"19":0,"20":0,"21":0,"22":0,"23":0,"24":0,"25":0,"26":0,"27":0,"28":0},"f":{"0":0,"1":0},"b":{"0":[0,0],"1":[0,0],"2":[0,0],"3":[0,0],"4":[0,0]}}
,"C:\\Users\\omar.rao\\OneDrive - Veeam Software Corporation\\Claude\\github-gdrive-backup\\src\\backup\\gdrive.js": {"path":"C:\\Users\\omar.rao\\OneDrive - Veeam Software Corporation\\Claude\\github-gdrive-backup\\src\\backup\\gdrive.js","statementMap":{"0":{"start":{"line":5,"column":19},"end":{"line":5,"column":40}},"1":{"start":{"line":6,"column":11},"end":{"line":6,"column":24}},"2":{"start":{"line":7,"column":13},"end":{"line":7,"column":28}},"3":{"start":{"line":8,"column":15},"end":{"line":8,"column":35}},"4":{"start":{"line":12,"column":4},"end":{"line":12,"column":55}},"5":{"start":{"line":16,"column":19},"end":{"line":16,"column":58}},"6":{"start":{"line":17,"column":56},"end":{"line":17,"column":86}},"7":{"start":{"line":18,"column":19},"end":{"line":18,"column":111}},"8":{"start":{"line":20,"column":4},"end":{"line":26,"column":5}},"9":{"start":{"line":21,"column":6},"end":{"line":21,"column":68}},"10":{"start":{"line":23,"column":6},"end":{"line":25,"column":8}},"11":{"start":{"line":27,"column":4},"end":{"line":27,"column":18}},"12":{"start":{"line":31,"column":16},"end":{"line":34,"column":6}},"13":{"start":{"line":35,"column":4},"end":{"line":35,"column":59}},"14":{"start":{"line":35,"column":31},"end":{"line":35,"column":59}},"15":{"start":{"line":37,"column":19},"end":{"line":40,"column":6}},"16":{"start":{"line":41,"column":4},"end":{"line":41,"column":26}},"17":{"start":{"line":45,"column":17},"end":{"line":45,"column":56}},"18":{"start":{"line":46,"column":17},"end":{"line":46,"column":43}},"19":{"start":{"line":47,"column":4},"end":{"line":47,"column":77}},"20":{"start":{"line":49,"column":16},"end":{"line":53,"column":6}},"21":{"start":{"line":54,"column":4},"end":{"line":54,"column":62}},"22":{"start":{"line":55,"column":4},"end":{"line":55,"column":20}},"23":{"start":{"line":59,"column":20},"end":{"line":59,"column":49}},"24":{"start":{"line":60,"column":25},"end":{"line":60,"column":42}},"25":{"start":{"line":61,"column":16},"end":{"line":65,"column":6}},"26":{"start":{"line":66,"column":4},"end":{"line":66,"column":20}},"27":{"start":{"line":70,"column":16},"end":{"line":74,"column":6}},"28":{"start":{"line":75,"column":4},"end":{"line":75,"column":26}},"29":{"start":{"line":79,"column":16},"end":{"line":83,"column":6}},"30":{"start":{"line":84,"column":4},"end":{"line":84,"column":26}},"31":{"start":{"line":88,"column":17},"end":{"line":88,"column":47}},"32":{"start":{"line":89,"column":16},"end":{"line":89,"column":96}},"33":{"start":{"line":90,"column":4},"end":{"line":92,"column":7}},"34":{"start":{"line":91,"column":6},"end":{"line":91,"column":68}},"35":{"start":{"line":93,"column":4},"end":{"line":93,"column":20}},"36":{"start":{"line":97,"column":4},"end":{"line":97,"column":46}},"37":{"start":{"line":101,"column":0},"end":{"line":101,"column":35}}},"fnMap":{"0":{"name":"(anonymous_0)","decl":{"start":{"line":11,"column":2},"end":{"line":11,"column":3}},"loc":{"start":{"line":11,"column":20},"end":{"line":13,"column":3}},"line":11},"1":{"name":"(anonymous_1)","decl":{"start":{"line":15,"column":2},"end":{"line":15,"column":3}},"loc":{"start":{"line":15,"column":55},"end":{"line":28,"column":3}},"line":15},"2":{"name":"(anonymous_2)","decl":{"start":{"line":30,"column":2},"end":{"line":30,"column":3}},"loc":{"start":{"line":30,"column":37},"end":{"line":42,"column":3}},"line":30},"3":{"name":"(anonymous_3)","decl":{"start":{"line":44,"column":2},"end":{"line":44,"column":3}},"loc":{"start":{"line":44,"column":89},"end":{"line":56,"column":3}},"line":44},"4":{"name":"(anonymous_4)","decl":{"start":{"line":58,"column":2},"end":{"line":58,"column":3}},"loc":{"start":{"line":58,"column":47},"end":{"line":67,"column":3}},"line":58},"5":{"name":"(anonymous_5)","decl":{"start":{"line":69,"column":2},"end":{"line":69,"column":3}},"loc":{"start":{"line":69,"column":34},"end":{"line":76,"column":3}},"line":69},"6":{"name":"(anonymous_6)","decl":{"start":{"line":78,"column":2},"end":{"line":78,"column":3}},"loc":{"start":{"line":78,"column":37},"end":{"line":85,"column":3}},"line":78},"7":{"name":"(anonymous_7)","decl":{"start":{"line":87,"column":2},"end":{"line":87,"column":3}},"loc":{"start":{"line":87,"column":39},"end":{"line":94,"column":3}},"line":87},"8":{"name":"(anonymous_8)","decl":{"start":{"line":90,"column":22},"end":{"line":90,"column":23}},"loc":{"start":{"line":90,"column":43},"end":{"line":92,"column":5}},"line":90},"9":{"name":"(anonymous_9)","decl":{"start":{"line":96,"column":2},"end":{"line":96,"column":3}},"loc":{"start":{"line":96,"column":27},"end":{"line":98,"column":3}},"line":96}},"branchMap":{"0":{"loc":{"start":{"line":17,"column":56},"end":{"line":17,"column":86}},"type":"binary-expr","locations":[{"start":{"line":17,"column":56},"end":{"line":17,"column":72}},{"start":{"line":17,"column":76},"end":{"line":17,"column":86}}],"line":17},"1":{"loc":{"start":{"line":18,"column":69},"end":{"line":18,"column":106}},"type":"binary-expr","locations":[{"start":{"line":18,"column":69},"end":{"line":18,"column":82}},{"start":{"line":18,"column":86},"end":{"line":18,"column":106}}],"line":18},"2":{"loc":{"start":{"line":20,"column":4},"end":{"line":26,"column":5}},"type":"if","locations":[{"start":{"line":20,"column":4},"end":{"line":26,"column":5}},{"start":{"line":22,"column":11},"end":{"line":26,"column":5}}],"line":20},"3":{"loc":{"start":{"line":35,"column":4},"end":{"line":35,"column":59}},"type":"if","locations":[{"start":{"line":35,"column":4},"end":{"line":35,"column":59}},{"start":{},"end":{}}],"line":35},"4":{"loc":{"start":{"line":44,"column":45},"end":{"line":44,"column":73}},"type":"default-arg","locations":[{"start":{"line":44,"column":56},"end":{"line":44,"column":73}}],"line":44},"5":{"loc":{"start":{"line":45,"column":17},"end":{"line":45,"column":56}},"type":"binary-expr","locations":[{"start":{"line":45,"column":17},"end":{"line":45,"column":29}},{"start":{"line":45,"column":33},"end":{"line":45,"column":56}}],"line":45}},"s":{"0":1,"1":1,"2":1,"3":1,"4":0,"5":0,"6":0,"7":0,"8":0,"9":0,"10":0,"11":0,"12":0,"13":0,"14":0,"15":0,"16":0,"17":0,"18":0,"19":0,"20":0,"21":0,"22":0,"23":0,"24":0,"25":0,"26":0,"27":0,"28":0,"29":0,"30":0,"31":0,"32":0,"33":0,"34":0,"35":0,"36":0,"37":1},"f":{"0":0,"1":0,"2":0,"3":0,"4":0,"5":0,"6":0,"7":0,"8":0,"9":0},"b":{"0":[0,0],"1":[0,0],"2":[0,0],"3":[0,0],"4":[0],"5":[0,0]},"_coverageSchema":"1a1c01bbd47fc00a2c39e90264f33305004495a9","hash":"af361a7edac1ebdaa7aa4de34a757e42e5c87bbf"}
,"C:\\Users\\omar.rao\\OneDrive - Veeam Software Corporation\\Claude\\github-gdrive-backup\\src\\backup\\github.js": {"path":"C:\\Users\\omar.rao\\OneDrive - Veeam Software Corporation\\Claude\\github-gdrive-backup\\src\\backup\\github.js","statementMap":{"0":{"start":{"line":5,"column":20},"end":{"line":5,"column":44}},"1":{"start":{"line":6,"column":18},"end":{"line":6,"column":39}},"2":{"start":{"line":7,"column":13},"end":{"line":7,"column":28}},"3":{"start":{"line":8,"column":11},"end":{"line":8,"column":24}},"4":{"start":{"line":9,"column":15},"end":{"line":9,"column":35}},"5":{"start":{"line":13,"column":4},"end":{"line":13,"column":23}},"6":{"start":{"line":14,"column":4},"end":{"line":14,"column":48}},"7":{"start":{"line":18,"column":18},"end":{"line":18,"column":20}},"8":{"start":{"line":19,"column":15},"end":{"line":19,"column":16}},"9":{"start":{"line":20,"column":4},"end":{"line":33,"column":5}},"10":{"start":{"line":21,"column":23},"end":{"line":28,"column":7}},"11":{"start":{"line":27,"column":8},"end":{"line":27,"column":87}},"12":{"start":{"line":29,"column":6},"end":{"line":29,"column":30}},"13":{"start":{"line":29,"column":24},"end":{"line":29,"column":30}},"14":{"start":{"line":30,"column":6},"end":{"line":30,"column":26}},"15":{"start":{"line":31,"column":6},"end":{"line":31,"column":35}},"16":{"start":{"line":31,"column":29},"end":{"line":31,"column":35}},"17":{"start":{"line":32,"column":6},"end":{"line":32,"column":13}},"18":{"start":{"line":34,"column":4},"end":{"line":34,"column":17}},"19":{"start":{"line":38,"column":21},"end":{"line":41,"column":5}},"20":{"start":{"line":42,"column":20},"end":{"line":42,"column":45}},"21":{"start":{"line":43,"column":4},"end":{"line":43,"column":47}},"22":{"start":{"line":44,"column":4},"end":{"line":44,"column":61}},"23":{"start":{"line":45,"column":4},"end":{"line":45,"column":44}},"24":{"start":{"line":46,"column":4},"end":{"line":46,"column":19}},"25":{"start":{"line":50,"column":19},"end":{"line":50,"column":21}},"26":{"start":{"line":51,"column":15},"end":{"line":51,"column":16}},"27":{"start":{"line":52,"column":4},"end":{"line":60,"column":5}},"28":{"start":{"line":53,"column":23},"end":{"line":55,"column":8}},"29":{"start":{"line":56,"column":6},"end":{"line":56,"column":30}},"30":{"start":{"line":56,"column":24},"end":{"line":56,"column":30}},"31":{"start":{"line":57,"column":6},"end":{"line":57,"column":27}},"32":{"start":{"line":58,"column":6},"end":{"line":58,"column":35}},"33":{"start":{"line":58,"column":29},"end":{"line":58,"column":35}},"34":{"start":{"line":59,"column":6},"end":{"line":59,"column":13}},"35":{"start":{"line":61,"column":4},"end":{"line":61,"column":18}},"36":{"start":{"line":65,"column":16},"end":{"line":65,"column":18}},"37":{"start":{"line":66,"column":15},"end":{"line":66,"column":16}},"38":{"start":{"line":67,"column":4},"end":{"line":75,"column":5}},"39":{"start":{"line":68,"column":23},"end":{"line":70,"column":8}},"40":{"start":{"line":71,"column":6},"end":{"line":71,"column":30}},"41":{"start":{"line":71,"column":24},"end":{"line":71,"column":30}},"42":{"start":{"line":72,"column":6},"end":{"line":72,"column":24}},"43":{"start":{"line":73,"column":6},"end":{"line":73,"column":35}},"44":{"start":{"line":73,"column":29},"end":{"line":73,"column":35}},"45":{"start":{"line":74,"column":6},"end":{"line":74,"column":13}},"46":{"start":{"line":76,"column":4},"end":{"line":76,"column":15}},"47":{"start":{"line":80,"column":21},"end":{"line":80,"column":23}},"48":{"start":{"line":81,"column":15},"end":{"line":81,"column":16}},"49":{"start":{"line":82,"column":4},"end":{"line":90,"column":5}},"50":{"start":{"line":83,"column":23},"end":{"line":85,"column":8}},"51":{"start":{"line":86,"column":6},"end":{"line":86,"column":30}},"52":{"start":{"line":86,"column":24},"end":{"line":86,"column":30}},"53":{"start":{"line":87,"column":6},"end":{"line":87,"column":29}},"54":{"start":{"line":88,"column":6},"end":{"line":88,"column":35}},"55":{"start":{"line":88,"column":29},"end":{"line":88,"column":35}},"56":{"start":{"line":89,"column":6},"end":{"line":89,"column":13}},"57":{"start":{"line":91,"column":4},"end":{"line":91,"column":20}},"58":{"start":{"line":95,"column":21},"end":{"line":95,"column":96}},"59":{"start":{"line":96,"column":4},"end":{"line":96,"column":16}},"60":{"start":{"line":100,"column":21},"end":{"line":100,"column":107}},"61":{"start":{"line":101,"column":4},"end":{"line":101,"column":16}},"62":{"start":{"line":111,"column":19},"end":{"line":111,"column":21}},"63":{"start":{"line":112,"column":24},"end":{"line":112,"column":30}},"64":{"start":{"line":113,"column":4},"end":{"line":131,"column":40}},"65":{"start":{"line":114,"column":23},"end":{"line":114,"column":68}},"66":{"start":{"line":115,"column":6},"end":{"line":115,"column":52}},"67":{"start":{"line":116,"column":6},"end":{"line":130,"column":8}},"68":{"start":{"line":132,"column":4},"end":{"line":135,"column":53}},"69":{"start":{"line":133,"column":23},"end":{"line":133,"column":107}},"70":{"start":{"line":134,"column":6},"end":{"line":134,"column":72}},"71":{"start":{"line":136,"column":4},"end":{"line":139,"column":36}},"72":{"start":{"line":137,"column":23},"end":{"line":137,"column":97}},"73":{"start":{"line":138,"column":6},"end":{"line":138,"column":117}},"74":{"start":{"line":138,"column":44},"end":{"line":138,"column":114}},"75":{"start":{"line":140,"column":4},"end":{"line":143,"column":36}},"76":{"start":{"line":141,"column":23},"end":{"line":141,"column":97}},"77":{"start":{"line":142,"column":6},"end":{"line":142,"column":66}},"78":{"start":{"line":142,"column":58},"end":{"line":142,"column":64}},"79":{"start":{"line":144,"column":4},"end":{"line":147,"column":36}},"80":{"start":{"line":145,"column":23},"end":{"line":145,"column":92}},"81":{"start":{"line":146,"column":6},"end":{"line":146,"column":111}},"82":{"start":{"line":146,"column":39},"end":{"line":146,"column":108}},"83":{"start":{"line":148,"column":4},"end":{"line":148,"column":18}},"84":{"start":{"line":152,"column":4},"end":{"line":161,"column":5}},"85":{"start":{"line":153,"column":22},"end":{"line":153,"column":97}},"86":{"start":{"line":154,"column":22},"end":{"line":154,"column":48}},"87":{"start":{"line":155,"column":6},"end":{"line":155,"column":49}},"88":{"start":{"line":156,"column":6},"end":{"line":156,"column":62}},"89":{"start":{"line":157,"column":6},"end":{"line":157,"column":21}},"90":{"start":{"line":160,"column":6},"end":{"line":160,"column":18}},"91":{"start":{"line":165,"column":0},"end":{"line":165,"column":30}}},"fnMap":{"0":{"name":"(anonymous_0)","decl":{"start":{"line":12,"column":2},"end":{"line":12,"column":3}},"loc":{"start":{"line":12,"column":21},"end":{"line":15,"column":3}},"line":12},"1":{"name":"(anonymous_1)","decl":{"start":{"line":17,"column":2},"end":{"line":17,"column":3}},"loc":{"start":{"line":17,"column":25},"end":{"line":35,"column":3}},"line":17},"2":{"name":"(anonymous_2)","decl":{"start":{"line":26,"column":15},"end":{"line":26,"column":16}},"loc":{"start":{"line":27,"column":8},"end":{"line":27,"column":87}},"line":27},"3":{"name":"(anonymous_3)","decl":{"start":{"line":37,"column":2},"end":{"line":37,"column":3}},"loc":{"start":{"line":37,"column":33},"end":{"line":47,"column":3}},"line":37},"4":{"name":"(anonymous_4)","decl":{"start":{"line":49,"column":2},"end":{"line":49,"column":3}},"loc":{"start":{"line":49,"column":33},"end":{"line":62,"column":3}},"line":49},"5":{"name":"(anonymous_5)","decl":{"start":{"line":64,"column":2},"end":{"line":64,"column":3}},"loc":{"start":{"line":64,"column":39},"end":{"line":77,"column":3}},"line":64},"6":{"name":"(anonymous_6)","decl":{"start":{"line":79,"column":2},"end":{"line":79,"column":3}},"loc":{"start":{"line":79,"column":35},"end":{"line":92,"column":3}},"line":79},"7":{"name":"(anonymous_7)","decl":{"start":{"line":94,"column":2},"end":{"line":94,"column":3}},"loc":{"start":{"line":94,"column":33},"end":{"line":97,"column":3}},"line":94},"8":{"name":"(anonymous_8)","decl":{"start":{"line":99,"column":2},"end":{"line":99,"column":3}},"loc":{"start":{"line":99,"column":37},"end":{"line":102,"column":3}},"line":99},"9":{"name":"(anonymous_9)","decl":{"start":{"line":110,"column":2},"end":{"line":110,"column":3}},"loc":{"start":{"line":110,"column":37},"end":{"line":149,"column":3}},"line":110},"10":{"name":"(anonymous_10)","decl":{"start":{"line":138,"column":38},"end":{"line":138,"column":39}},"loc":{"start":{"line":138,"column":44},"end":{"line":138,"column":114}},"line":138},"11":{"name":"(anonymous_11)","decl":{"start":{"line":142,"column":53},"end":{"line":142,"column":54}},"loc":{"start":{"line":142,"column":58},"end":{"line":142,"column":64}},"line":142},"12":{"name":"(anonymous_12)","decl":{"start":{"line":146,"column":33},"end":{"line":146,"column":34}},"loc":{"start":{"line":146,"column":39},"end":{"line":146,"column":108}},"line":146},"13":{"name":"(anonymous_13)","decl":{"start":{"line":151,"column":2},"end":{"line":151,"column":3}},"loc":{"start":{"line":151,"column":40},"end":{"line":162,"column":3}},"line":151}},"branchMap":{"0":{"loc":{"start":{"line":29,"column":6},"end":{"line":29,"column":30}},"type":"if","locations":[{"start":{"line":29,"column":6},"end":{"line":29,"column":30}},{"start":{},"end":{}}],"line":29},"1":{"loc":{"start":{"line":31,"column":6},"end":{"line":31,"column":35}},"type":"if","locations":[{"start":{"line":31,"column":6},"end":{"line":31,"column":35}},{"start":{},"end":{}}],"line":31},"2":{"loc":{"start":{"line":56,"column":6},"end":{"line":56,"column":30}},"type":"if","locations":[{"start":{"line":56,"column":6},"end":{"line":56,"column":30}},{"start":{},"end":{}}],"line":56},"3":{"loc":{"start":{"line":58,"column":6},"end":{"line":58,"column":35}},"type":"if","locations":[{"start":{"line":58,"column":6},"end":{"line":58,"column":35}},{"start":{},"end":{}}],"line":58},"4":{"loc":{"start":{"line":71,"column":6},"end":{"line":71,"column":30}},"type":"if","locations":[{"start":{"line":71,"column":6},"end":{"line":71,"column":30}},{"start":{},"end":{}}],"line":71},"5":{"loc":{"start":{"line":73,"column":6},"end":{"line":73,"column":35}},"type":"if","locations":[{"start":{"line":73,"column":6},"end":{"line":73,"column":35}},{"start":{},"end":{}}],"line":73},"6":{"loc":{"start":{"line":86,"column":6},"end":{"line":86,"column":30}},"type":"if","locations":[{"start":{"line":86,"column":6},"end":{"line":86,"column":30}},{"start":{},"end":{}}],"line":86},"7":{"loc":{"start":{"line":88,"column":6},"end":{"line":88,"column":35}},"type":"if","locations":[{"start":{"line":88,"column":6},"end":{"line":88,"column":35}},{"start":{},"end":{}}],"line":88},"8":{"loc":{"start":{"line":115,"column":22},"end":{"line":115,"column":51}},"type":"binary-expr","locations":[{"start":{"line":115,"column":22},"end":{"line":115,"column":41}},{"start":{"line":115,"column":45},"end":{"line":115,"column":51}}],"line":115},"9":{"loc":{"start":{"line":142,"column":29},"end":{"line":142,"column":47}},"type":"binary-expr","locations":[{"start":{"line":142,"column":29},"end":{"line":142,"column":41}},{"start":{"line":142,"column":45},"end":{"line":142,"column":47}}],"line":142},"10":{"loc":{"start":{"line":146,"column":82},"end":{"line":146,"column":106}},"type":"binary-expr","locations":[{"start":{"line":146,"column":82},"end":{"line":146,"column":90}},{"start":{"line":146,"column":94},"end":{"line":146,"column":106}}],"line":146}},"s":{"0":0,"1":0,"2":0,"3":0,"4":0,"5":0,"6":0,"7":0,"8":0,"9":0,"10":0,"11":0,"12":0,"13":0,"14":0,"15":0,"16":0,"17":0,"18":0,"19":0,"20":0,"21":0,"22":0,"23":0,"24":0,"25":0,"26":0,"27":0,"28":0,"29":0,"30":0,"31":0,"32":0,"33":0,"34":0,"35":0,"36":0,"37":0,"38":0,"39":0,"40":0,"41":0,"42":0,"43":0,"44":0,"45":0,"46":0,"47":0,"48":0,"49":0,"50":0,"51":0,"52":0,"53":0,"54":0,"55":0,"56":0,"57":0,"58":0,"59":0,"60":0,"61":0,"62":0,"63":0,"64":0,"65":0,"66":0,"67":0,"68":0,"69":0,"70":0,"71":0,"72":0,"73":0,"74":0,"75":0,"76":0,"77":0,"78":0,"79":0,"80":0,"81":0,"82":0,"83":0,"84":0,"85":0,"86":0,"87":0,"88":0,"89":0,"90":0,"91":0},"f":{"0":0,"1":0,"2":0,"3":0,"4":0,"5":0,"6":0,"7":0,"8":0,"9":0,"10":0,"11":0,"12":0,"13":0},"b":{"0":[0,0],"1":[0,0],"2":[0,0],"3":[0,0],"4":[0,0],"5":[0,0],"6":[0,0],"7":[0,0],"8":[0,0],"9":[0,0],"10":[0,0]}}
,"C:\\Users\\omar.rao\\OneDrive - Veeam Software Corporation\\Claude\\github-gdrive-backup\\src\\backup\\incremental.js": {"path":"C:\\Users\\omar.rao\\OneDrive - Veeam Software Corporation\\Claude\\github-gdrive-backup\\src\\backup\\incremental.js","statementMap":{"0":{"start":{"line":25,"column":25},"end":{"line":25,"column":49}},"1":{"start":{"line":29,"column":12},"end":{"line":29,"column":14}},"2":{"start":{"line":30,"column":2},"end":{"line":34,"column":3}},"3":{"start":{"line":31,"column":4},"end":{"line":31,"column":112}},"4":{"start":{"line":33,"column":4},"end":{"line":33,"column":14}},"5":{"start":{"line":35,"column":14},"end":{"line":35,"column":16}},"6":{"start":{"line":36,"column":2},"end":{"line":39,"column":5}},"7":{"start":{"line":37,"column":16},"end":{"line":37,"column":33}},"8":{"start":{"line":38,"column":4},"end":{"line":38,"column":63}},"9":{"start":{"line":38,"column":17},"end":{"line":38,"column":63}},"10":{"start":{"line":40,"column":2},"end":{"line":40,"column":13}},"11":{"start":{"line":45,"column":13},"end":{"line":45,"column":27}},"12":{"start":{"line":45,"column":34},"end":{"line":45,"column":48}},"13":{"start":{"line":46,"column":2},"end":{"line":46,"column":44}},"14":{"start":{"line":46,"column":31},"end":{"line":46,"column":44}},"15":{"start":{"line":47,"column":2},"end":{"line":47,"column":38}},"16":{"start":{"line":47,"column":23},"end":{"line":47,"column":36}},"17":{"start":{"line":55,"column":2},"end":{"line":55,"column":69}},"18":{"start":{"line":55,"column":55},"end":{"line":55,"column":69}},"19":{"start":{"line":56,"column":2},"end":{"line":56,"column":55}},"20":{"start":{"line":56,"column":36},"end":{"line":56,"column":55}},"21":{"start":{"line":57,"column":2},"end":{"line":57,"column":17}},"22":{"start":{"line":66,"column":17},"end":{"line":66,"column":35}},"23":{"start":{"line":67,"column":2},"end":{"line":67,"column":32}},"24":{"start":{"line":67,"column":22},"end":{"line":67,"column":32}},"25":{"start":{"line":68,"column":16},"end":{"line":68,"column":66}},"26":{"start":{"line":68,"column":32},"end":{"line":68,"column":47}},"27":{"start":{"line":70,"column":2},"end":{"line":76,"column":3}},"28":{"start":{"line":71,"column":4},"end":{"line":73,"column":7}},"29":{"start":{"line":75,"column":4},"end":{"line":75,"column":14}},"30":{"start":{"line":78,"column":16},"end":{"line":78,"column":53}},"31":{"start":{"line":78,"column":44},"end":{"line":78,"column":52}},"32":{"start":{"line":79,"column":2},"end":{"line":79,"column":75}},"33":{"start":{"line":79,"column":33},"end":{"line":79,"column":73}},"34":{"start":{"line":95,"column":2},"end":{"line":103,"column":3}},"35":{"start":{"line":96,"column":21},"end":{"line":96,"column":75}},"36":{"start":{"line":97,"column":4},"end":{"line":100,"column":5}},"37":{"start":{"line":98,"column":6},"end":{"line":98,"column":125}},"38":{"start":{"line":99,"column":6},"end":{"line":99,"column":21}},"39":{"start":{"line":102,"column":4},"end":{"line":102,"column":18}},"40":{"start":{"line":104,"column":2},"end":{"line":104,"column":99}},"41":{"start":{"line":105,"column":2},"end":{"line":105,"column":16}},"42":{"start":{"line":117,"column":2},"end":{"line":117,"column":87}},"43":{"start":{"line":118,"column":2},"end":{"line":120,"column":3}},"44":{"start":{"line":119,"column":4},"end":{"line":119,"column":94}},"45":{"start":{"line":121,"column":2},"end":{"line":121,"column":17}},"46":{"start":{"line":124,"column":0},"end":{"line":124,"column":94}}},"fnMap":{"0":{"name":"readRefs","decl":{"start":{"line":28,"column":9},"end":{"line":28,"column":17}},"loc":{"start":{"line":28,"column":29},"end":{"line":41,"column":1}},"line":28},"1":{"name":"(anonymous_1)","decl":{"start":{"line":36,"column":42},"end":{"line":36,"column":43}},"loc":{"start":{"line":36,"column":50},"end":{"line":39,"column":3}},"line":36},"2":{"name":"refsEqual","decl":{"start":{"line":44,"column":9},"end":{"line":44,"column":18}},"loc":{"start":{"line":44,"column":35},"end":{"line":48,"column":1}},"line":44},"3":{"name":"(anonymous_3)","decl":{"start":{"line":47,"column":18},"end":{"line":47,"column":19}},"loc":{"start":{"line":47,"column":23},"end":{"line":47,"column":36}},"line":47},"4":{"name":"decideMode","decl":{"start":{"line":54,"column":9},"end":{"line":54,"column":19}},"loc":{"start":{"line":54,"column":39},"end":{"line":58,"column":1}},"line":54},"5":{"name":"existingShas","decl":{"start":{"line":65,"column":9},"end":{"line":65,"column":21}},"loc":{"start":{"line":65,"column":39},"end":{"line":80,"column":1}},"line":65},"6":{"name":"(anonymous_6)","decl":{"start":{"line":68,"column":27},"end":{"line":68,"column":28}},"loc":{"start":{"line":68,"column":32},"end":{"line":68,"column":47}},"line":68},"7":{"name":"(anonymous_7)","decl":{"start":{"line":78,"column":39},"end":{"line":78,"column":40}},"loc":{"start":{"line":78,"column":44},"end":{"line":78,"column":52}},"line":78},"8":{"name":"(anonymous_8)","decl":{"start":{"line":79,"column":23},"end":{"line":79,"column":24}},"loc":{"start":{"line":79,"column":33},"end":{"line":79,"column":73}},"line":79},"9":{"name":"createBundle","decl":{"start":{"line":94,"column":9},"end":{"line":94,"column":21}},"loc":{"start":{"line":94,"column":58},"end":{"line":106,"column":1}},"line":94},"10":{"name":"reconstruct","decl":{"start":{"line":116,"column":9},"end":{"line":116,"column":20}},"loc":{"start":{"line":116,"column":56},"end":{"line":122,"column":1}},"line":116}},"branchMap":{"0":{"loc":{"start":{"line":38,"column":4},"end":{"line":38,"column":63}},"type":"if","locations":[{"start":{"line":38,"column":4},"end":{"line":38,"column":63}},{"start":{},"end":{}}],"line":38},"1":{"loc":{"start":{"line":44,"column":19},"end":{"line":44,"column":25}},"type":"default-arg","locations":[{"start":{"line":44,"column":23},"end":{"line":44,"column":25}}],"line":44},"2":{"loc":{"start":{"line":44,"column":27},"end":{"line":44,"column":33}},"type":"default-arg","locations":[{"start":{"line":44,"column":31},"end":{"line":44,"column":33}}],"line":44},"3":{"loc":{"start":{"line":46,"column":2},"end":{"line":46,"column":44}},"type":"if","locations":[{"start":{"line":46,"column":2},"end":{"line":46,"column":44}},{"start":{},"end":{}}],"line":46},"4":{"loc":{"start":{"line":55,"column":2},"end":{"line":55,"column":69}},"type":"if","locations":[{"start":{"line":55,"column":2},"end":{"line":55,"column":69}},{"start":{},"end":{}}],"line":55},"5":{"loc":{"start":{"line":55,"column":6},"end":{"line":55,"column":53}},"type":"binary-expr","locations":[{"start":{"line":55,"column":6},"end":{"line":55,"column":15}},{"start":{"line":55,"column":19},"end":{"line":55,"column":53}}],"line":55},"6":{"loc":{"start":{"line":56,"column":2},"end":{"line":56,"column":55}},"type":"if","locations":[{"start":{"line":56,"column":2},"end":{"line":56,"column":55}},{"start":{},"end":{}}],"line":56},"7":{"loc":{"start":{"line":67,"column":2},"end":{"line":67,"column":32}},"type":"if","locations":[{"start":{"line":67,"column":2},"end":{"line":67,"column":32}},{"start":{},"end":{}}],"line":67},"8":{"loc":{"start":{"line":79,"column":33},"end":{"line":79,"column":73}},"type":"binary-expr","locations":[{"start":{"line":79,"column":33},"end":{"line":79,"column":41}},{"start":{"line":79,"column":45},"end":{"line":79,"column":73}}],"line":79},"9":{"loc":{"start":{"line":95,"column":2},"end":{"line":103,"column":3}},"type":"if","locations":[{"start":{"line":95,"column":2},"end":{"line":103,"column":3}},{"start":{},"end":{}}],"line":95},"10":{"loc":{"start":{"line":96,"column":59},"end":{"line":96,"column":73}},"type":"binary-expr","locations":[{"start":{"line":96,"column":59},"end":{"line":96,"column":67}},{"start":{"line":96,"column":71},"end":{"line":96,"column":73}}],"line":96},"11":{"loc":{"start":{"line":97,"column":4},"end":{"line":100,"column":5}},"type":"if","locations":[{"start":{"line":97,"column":4},"end":{"line":100,"column":5}},{"start":{},"end":{}}],"line":97},"12":{"loc":{"start":{"line":118,"column":22},"end":{"line":118,"column":40}},"type":"binary-expr","locations":[{"start":{"line":118,"column":22},"end":{"line":118,"column":34}},{"start":{"line":118,"column":38},"end":{"line":118,"column":40}}],"line":118}},"s":{"0":1,"1":4,"2":4,"3":4,"4":0,"5":4,"6":4,"7":4,"8":4,"9":4,"10":4,"11":6,"12":6,"13":6,"14":1,"15":5,"16":6,"17":5,"18":2,"19":3,"20":1,"21":2,"22":2,"23":2,"24":0,"25":2,"26":2,"27":2,"28":2,"29":0,"30":2,"31":4,"32":2,"33":2,"34":3,"35":2,"36":2,"37":1,"38":1,"39":1,"40":2,"41":2,"42":1,"43":1,"44":1,"45":1,"46":1},"f":{"0":4,"1":4,"2":6,"3":6,"4":5,"5":2,"6":2,"7":4,"8":2,"9":3,"10":1},"b":{"0":[4,0],"1":[0],"2":[0],"3":[1,5],"4":[2,3],"5":[5,4],"6":[1,2],"7":[0,2],"8":[2,2],"9":[2,1],"10":[2,0],"11":[1,1],"12":[1,0]},"_coverageSchema":"1a1c01bbd47fc00a2c39e90264f33305004495a9","hash":"d2949db5258c08952e9cf37fe66f8db1f2f49fc6"}
,"C:\\Users\\omar.rao\\OneDrive - Veeam Software Corporation\\Claude\\github-gdrive-backup\\src\\backup\\index.js": {"path":"C:\\Users\\omar.rao\\OneDrive - Veeam Software Corporation\\Claude\\github-gdrive-backup\\src\\backup\\index.js","statementMap":{"0":{"start":{"line":5,"column":0},"end":{"line":5,"column":27}},"1":{"start":{"line":6,"column":11},"end":{"line":6,"column":24}},"2":{"start":{"line":7,"column":13},"end":{"line":7,"column":28}},"3":{"start":{"line":8,"column":25},"end":{"line":8,"column":49}},"4":{"start":{"line":9,"column":17},"end":{"line":9,"column":36}},"5":{"start":{"line":10,"column":21},"end":{"line":10,"column":40}},"6":{"start":{"line":11,"column":26},"end":{"line":11,"column":45}},"7":{"start":{"line":12,"column":15},"end":{"line":12,"column":42}},"8":{"start":{"line":13,"column":20},"end":{"line":13,"column":44}},"9":{"start":{"line":14,"column":29},"end":{"line":14,"column":56}},"10":{"start":{"line":15,"column":36},"end":{"line":15,"column":68}},"11":{"start":{"line":16,"column":16},"end":{"line":16,"column":50}},"12":{"start":{"line":17,"column":15},"end":{"line":17,"column":35}},"13":{"start":{"line":19,"column":18},"end":{"line":19,"column":93}},"14":{"start":{"line":21,"column":25},"end":{"line":21,"column":94}},"15":{"start":{"line":23,"column":16},"end":{"line":23,"column":118}},"16":{"start":{"line":24,"column":12},"end":{"line":24,"column":63}},"17":{"start":{"line":25,"column":20},"end":{"line":25,"column":71}},"18":{"start":{"line":28,"column":2},"end":{"line":28,"column":57}},"19":{"start":{"line":28,"column":32},"end":{"line":28,"column":55}},"20":{"start":{"line":32,"column":2},"end":{"line":47,"column":3}},"21":{"start":{"line":33,"column":4},"end":{"line":33,"column":22}},"22":{"start":{"line":35,"column":4},"end":{"line":38,"column":5}},"23":{"start":{"line":36,"column":6},"end":{"line":36,"column":48}},"24":{"start":{"line":37,"column":6},"end":{"line":37,"column":64}},"25":{"start":{"line":39,"column":4},"end":{"line":45,"column":5}},"26":{"start":{"line":40,"column":26},"end":{"line":40,"column":107}},"27":{"start":{"line":41,"column":21},"end":{"line":41,"column":103}},"28":{"start":{"line":42,"column":6},"end":{"line":42,"column":56}},"29":{"start":{"line":43,"column":6},"end":{"line":43,"column":26}},"30":{"start":{"line":44,"column":6},"end":{"line":44,"column":24}},"31":{"start":{"line":46,"column":4},"end":{"line":46,"column":14}},"32":{"start":{"line":51,"column":2},"end":{"line":59,"column":5}},"33":{"start":{"line":52,"column":19},"end":{"line":52,"column":48}},"34":{"start":{"line":53,"column":20},"end":{"line":53,"column":67}},"35":{"start":{"line":54,"column":4},"end":{"line":54,"column":32}},"36":{"start":{"line":55,"column":4},"end":{"line":55,"column":32}},"37":{"start":{"line":56,"column":4},"end":{"line":56,"column":25}},"38":{"start":{"line":57,"column":4},"end":{"line":57,"column":37}},"39":{"start":{"line":58,"column":4},"end":{"line":58,"column":23}},"40":{"start":{"line":63,"column":26},"end":{"line":63,"column":30}},"41":{"start":{"line":64,"column":18},"end":{"line":64,"column":72}},"42":{"start":{"line":65,"column":2},"end":{"line":65,"column":45}},"43":{"start":{"line":67,"column":21},"end":{"line":67,"column":67}},"44":{"start":{"line":69,"column":22},"end":{"line":69,"column":26}},"45":{"start":{"line":70,"column":24},"end":{"line":70,"column":26}},"46":{"start":{"line":71,"column":24},"end":{"line":71,"column":28}},"47":{"start":{"line":73,"column":2},"end":{"line":256,"column":3}},"48":{"start":{"line":74,"column":4},"end":{"line":186,"column":5}},"49":{"start":{"line":75,"column":24},"end":{"line":75,"column":57}},"50":{"start":{"line":79,"column":24},"end":{"line":79,"column":40}},"51":{"start":{"line":80,"column":21},"end":{"line":80,"column":34}},"52":{"start":{"line":81,"column":6},"end":{"line":120,"column":7}},"53":{"start":{"line":82,"column":21},"end":{"line":82,"column":57}},"54":{"start":{"line":83,"column":24},"end":{"line":83,"column":55}},"55":{"start":{"line":84,"column":19},"end":{"line":84,"column":69}},"56":{"start":{"line":89,"column":8},"end":{"line":93,"column":9}},"57":{"start":{"line":91,"column":10},"end":{"line":91,"column":147}},"58":{"start":{"line":92,"column":10},"end":{"line":92,"column":24}},"59":{"start":{"line":95,"column":8},"end":{"line":108,"column":9}},"60":{"start":{"line":96,"column":24},"end":{"line":99,"column":11}},"61":{"start":{"line":100,"column":10},"end":{"line":100,"column":73}},"62":{"start":{"line":101,"column":10},"end":{"line":101,"column":109}},"63":{"start":{"line":101,"column":29},"end":{"line":101,"column":109}},"64":{"start":{"line":102,"column":10},"end":{"line":102,"column":95}},"65":{"start":{"line":103,"column":10},"end":{"line":103,"column":86}},"66":{"start":{"line":105,"column":32},"end":{"line":105,"column":126}},"67":{"start":{"line":106,"column":10},"end":{"line":106,"column":77}},"68":{"start":{"line":107,"column":10},"end":{"line":107,"column":116}},"69":{"start":{"line":110,"column":27},"end":{"line":110,"column":46}},"70":{"start":{"line":111,"column":24},"end":{"line":111,"column":96}},"71":{"start":{"line":112,"column":8},"end":{"line":112,"column":33}},"72":{"start":{"line":113,"column":8},"end":{"line":113,"column":36}},"73":{"start":{"line":114,"column":21},"end":{"line":114,"column":80}},"74":{"start":{"line":115,"column":22},"end":{"line":115,"column":117}},"75":{"start":{"line":116,"column":8},"end":{"line":116,"column":72}},"76":{"start":{"line":117,"column":8},"end":{"line":117,"column":92}},"77":{"start":{"line":119,"column":8},"end":{"line":119,"column":49}},"78":{"start":{"line":122,"column":22},"end":{"line":122,"column":33}},"79":{"start":{"line":125,"column":21},"end":{"line":125,"column":46}},"80":{"start":{"line":126,"column":24},"end":{"line":126,"column":49}},"81":{"start":{"line":128,"column":28},"end":{"line":128,"column":61}},"82":{"start":{"line":129,"column":23},"end":{"line":129,"column":30}},"83":{"start":{"line":130,"column":27},"end":{"line":130,"column":35}},"84":{"start":{"line":131,"column":22},"end":{"line":131,"column":27}},"85":{"start":{"line":133,"column":6},"end":{"line":140,"column":7}},"86":{"start":{"line":134,"column":24},"end":{"line":134,"column":40}},"87":{"start":{"line":135,"column":8},"end":{"line":135,"column":59}},"88":{"start":{"line":136,"column":8},"end":{"line":136,"column":44}},"89":{"start":{"line":137,"column":8},"end":{"line":137,"column":29}},"90":{"start":{"line":138,"column":8},"end":{"line":138,"column":43}},"91":{"start":{"line":139,"column":8},"end":{"line":139,"column":25}},"92":{"start":{"line":142,"column":23},"end":{"line":142,"column":69}},"93":{"start":{"line":146,"column":6},"end":{"line":150,"column":7}},"94":{"start":{"line":147,"column":27},"end":{"line":147,"column":55}},"95":{"start":{"line":148,"column":20},"end":{"line":148,"column":98}},"96":{"start":{"line":149,"column":8},"end":{"line":149,"column":67}},"97":{"start":{"line":152,"column":6},"end":{"line":152,"column":45}},"98":{"start":{"line":154,"column":6},"end":{"line":163,"column":7}},"99":{"start":{"line":155,"column":26},"end":{"line":155,"column":53}},"100":{"start":{"line":156,"column":8},"end":{"line":159,"column":9}},"101":{"start":{"line":157,"column":10},"end":{"line":157,"column":125}},"102":{"start":{"line":158,"column":10},"end":{"line":158,"column":87}},"103":{"start":{"line":160,"column":8},"end":{"line":160,"column":78}},"104":{"start":{"line":162,"column":8},"end":{"line":162,"column":96}},"105":{"start":{"line":165,"column":6},"end":{"line":172,"column":8}},"106":{"start":{"line":175,"column":6},"end":{"line":185,"column":7}},"107":{"start":{"line":176,"column":22},"end":{"line":182,"column":9}},"108":{"start":{"line":183,"column":8},"end":{"line":183,"column":71}},"109":{"start":{"line":184,"column":8},"end":{"line":184,"column":107}},"110":{"start":{"line":184,"column":27},"end":{"line":184,"column":107}},"111":{"start":{"line":188,"column":21},"end":{"line":188,"column":85}},"112":{"start":{"line":190,"column":4},"end":{"line":192,"column":5}},"113":{"start":{"line":191,"column":6},"end":{"line":191,"column":90}},"114":{"start":{"line":191,"column":55},"end":{"line":191,"column":88}},"115":{"start":{"line":193,"column":4},"end":{"line":195,"column":5}},"116":{"start":{"line":194,"column":6},"end":{"line":194,"column":103}},"117":{"start":{"line":194,"column":62},"end":{"line":194,"column":101}},"118":{"start":{"line":196,"column":4},"end":{"line":198,"column":5}},"119":{"start":{"line":197,"column":6},"end":{"line":197,"column":94}},"120":{"start":{"line":197,"column":57},"end":{"line":197,"column":92}},"121":{"start":{"line":199,"column":4},"end":{"line":201,"column":5}},"122":{"start":{"line":200,"column":6},"end":{"line":200,"column":90}},"123":{"start":{"line":200,"column":55},"end":{"line":200,"column":88}},"124":{"start":{"line":202,"column":4},"end":{"line":204,"column":5}},"125":{"start":{"line":203,"column":6},"end":{"line":203,"column":98}},"126":{"start":{"line":203,"column":59},"end":{"line":203,"column":96}},"127":{"start":{"line":205,"column":4},"end":{"line":207,"column":5}},"128":{"start":{"line":206,"column":6},"end":{"line":206,"column":94}},"129":{"start":{"line":206,"column":55},"end":{"line":206,"column":92}},"130":{"start":{"line":208,"column":4},"end":{"line":228,"column":5}},"131":{"start":{"line":209,"column":22},"end":{"line":209,"column":68}},"132":{"start":{"line":210,"column":6},"end":{"line":227,"column":7}},"133":{"start":{"line":211,"column":24},"end":{"line":211,"column":45}},"134":{"start":{"line":212,"column":8},"end":{"line":212,"column":45}},"135":{"start":{"line":213,"column":30},"end":{"line":213,"column":55}},"136":{"start":{"line":214,"column":29},"end":{"line":214,"column":72}},"137":{"start":{"line":215,"column":8},"end":{"line":218,"column":9}},"138":{"start":{"line":216,"column":22},"end":{"line":216,"column":104}},"139":{"start":{"line":217,"column":10},"end":{"line":217,"column":73}},"140":{"start":{"line":219,"column":8},"end":{"line":219,"column":44}},"141":{"start":{"line":220,"column":30},"end":{"line":220,"column":61}},"142":{"start":{"line":221,"column":8},"end":{"line":224,"column":9}},"143":{"start":{"line":222,"column":10},"end":{"line":222,"column":138}},"144":{"start":{"line":223,"column":10},"end":{"line":223,"column":92}},"145":{"start":{"line":225,"column":8},"end":{"line":225,"column":87}},"146":{"start":{"line":226,"column":8},"end":{"line":226,"column":39}},"147":{"start":{"line":230,"column":4},"end":{"line":230,"column":66}},"148":{"start":{"line":231,"column":4},"end":{"line":234,"column":5}},"149":{"start":{"line":232,"column":18},"end":{"line":232,"column":96}},"150":{"start":{"line":233,"column":6},"end":{"line":233,"column":74}},"151":{"start":{"line":237,"column":4},"end":{"line":243,"column":5}},"152":{"start":{"line":238,"column":29},"end":{"line":238,"column":80}},"153":{"start":{"line":239,"column":6},"end":{"line":239,"column":67}},"154":{"start":{"line":240,"column":6},"end":{"line":240,"column":85}},"155":{"start":{"line":241,"column":6},"end":{"line":241,"column":103}},"156":{"start":{"line":241,"column":25},"end":{"line":241,"column":103}},"157":{"start":{"line":242,"column":6},"end":{"line":242,"column":49}},"158":{"start":{"line":245,"column":4},"end":{"line":245,"column":49}},"159":{"start":{"line":246,"column":4},"end":{"line":253,"column":6}},"160":{"start":{"line":255,"column":4},"end":{"line":255,"column":57}},"161":{"start":{"line":260,"column":22},"end":{"line":260,"column":49}},"162":{"start":{"line":261,"column":19},"end":{"line":261,"column":31}},"163":{"start":{"line":262,"column":18},"end":{"line":262,"column":68}},"164":{"start":{"line":263,"column":2},"end":{"line":263,"column":45}},"165":{"start":{"line":265,"column":21},"end":{"line":265,"column":82}},"166":{"start":{"line":267,"column":22},"end":{"line":267,"column":26}},"167":{"start":{"line":269,"column":2},"end":{"line":333,"column":3}},"168":{"start":{"line":273,"column":21},"end":{"line":273,"column":59}},"169":{"start":{"line":274,"column":21},"end":{"line":274,"column":61}},"170":{"start":{"line":275,"column":23},"end":{"line":275,"column":104}},"171":{"start":{"line":276,"column":4},"end":{"line":290,"column":5}},"172":{"start":{"line":277,"column":6},"end":{"line":286,"column":9}},"173":{"start":{"line":289,"column":6},"end":{"line":289,"column":101}},"174":{"start":{"line":292,"column":20},"end":{"line":292,"column":36}},"175":{"start":{"line":293,"column":4},"end":{"line":293,"column":41}},"176":{"start":{"line":295,"column":19},"end":{"line":295,"column":41}},"177":{"start":{"line":296,"column":22},"end":{"line":296,"column":47}},"178":{"start":{"line":298,"column":26},"end":{"line":298,"column":59}},"179":{"start":{"line":299,"column":21},"end":{"line":299,"column":28}},"180":{"start":{"line":300,"column":25},"end":{"line":300,"column":49}},"181":{"start":{"line":301,"column":20},"end":{"line":301,"column":25}},"182":{"start":{"line":303,"column":4},"end":{"line":310,"column":5}},"183":{"start":{"line":304,"column":22},"end":{"line":304,"column":38}},"184":{"start":{"line":305,"column":6},"end":{"line":305,"column":51}},"185":{"start":{"line":306,"column":6},"end":{"line":306,"column":42}},"186":{"start":{"line":307,"column":6},"end":{"line":307,"column":27}},"187":{"start":{"line":308,"column":6},"end":{"line":308,"column":52}},"188":{"start":{"line":309,"column":6},"end":{"line":309,"column":23}},"189":{"start":{"line":312,"column":4},"end":{"line":312,"column":51}},"190":{"start":{"line":313,"column":18},"end":{"line":313,"column":22}},"191":{"start":{"line":314,"column":4},"end":{"line":317,"column":5}},"192":{"start":{"line":315,"column":25},"end":{"line":315,"column":53}},"193":{"start":{"line":316,"column":6},"end":{"line":316,"column":132}},"194":{"start":{"line":318,"column":4},"end":{"line":318,"column":43}},"195":{"start":{"line":320,"column":4},"end":{"line":320,"column":53}},"196":{"start":{"line":322,"column":4},"end":{"line":328,"column":6}},"197":{"start":{"line":330,"column":4},"end":{"line":330,"column":140}},"198":{"start":{"line":332,"column":4},"end":{"line":332,"column":57}},"199":{"start":{"line":341,"column":17},"end":{"line":341,"column":19}},"200":{"start":{"line":342,"column":2},"end":{"line":365,"column":3}},"201":{"start":{"line":343,"column":21},"end":{"line":344,"column":49}},"202":{"start":{"line":344,"column":19},"end":{"line":344,"column":48}},"203":{"start":{"line":345,"column":4},"end":{"line":345,"column":40}},"204":{"start":{"line":345,"column":26},"end":{"line":345,"column":40}},"205":{"start":{"line":346,"column":17},"end":{"line":346,"column":28}},"206":{"start":{"line":347,"column":24},"end":{"line":348,"column":71}},"207":{"start":{"line":348,"column":19},"end":{"line":348,"column":70}},"208":{"start":{"line":349,"column":4},"end":{"line":362,"column":5}},"209":{"start":{"line":350,"column":20},"end":{"line":350,"column":57}},"210":{"start":{"line":351,"column":24},"end":{"line":351,"column":71}},"211":{"start":{"line":351,"column":40},"end":{"line":351,"column":70}},"212":{"start":{"line":352,"column":6},"end":{"line":352,"column":31}},"213":{"start":{"line":352,"column":22},"end":{"line":352,"column":31}},"214":{"start":{"line":353,"column":18},"end":{"line":353,"column":71}},"215":{"start":{"line":354,"column":6},"end":{"line":361,"column":7}},"216":{"start":{"line":355,"column":8},"end":{"line":355,"column":52}},"217":{"start":{"line":356,"column":8},"end":{"line":356,"column":67}},"218":{"start":{"line":358,"column":8},"end":{"line":358,"column":79}},"219":{"start":{"line":360,"column":8},"end":{"line":360,"column":40}},"220":{"start":{"line":364,"column":4},"end":{"line":364,"column":75}},"221":{"start":{"line":366,"column":2},"end":{"line":366,"column":16}},"222":{"start":{"line":370,"column":16},"end":{"line":370,"column":57}},"223":{"start":{"line":371,"column":16},"end":{"line":371,"column":56}},"224":{"start":{"line":372,"column":23},"end":{"line":372,"column":71}},"225":{"start":{"line":374,"column":2},"end":{"line":376,"column":3}},"226":{"start":{"line":375,"column":4},"end":{"line":375,"column":84}},"227":{"start":{"line":378,"column":2},"end":{"line":378,"column":41}},"228":{"start":{"line":380,"column":13},"end":{"line":380,"column":36}},"229":{"start":{"line":381,"column":15},"end":{"line":384,"column":3}},"230":{"start":{"line":385,"column":16},"end":{"line":385,"column":43}},"231":{"start":{"line":387,"column":20},"end":{"line":387,"column":66}},"232":{"start":{"line":388,"column":22},"end":{"line":388,"column":43}},"233":{"start":{"line":389,"column":24},"end":{"line":389,"column":75}},"234":{"start":{"line":391,"column":2},"end":{"line":391,"column":57}},"235":{"start":{"line":394,"column":22},"end":{"line":394,"column":26}},"236":{"start":{"line":395,"column":2},"end":{"line":398,"column":3}},"237":{"start":{"line":396,"column":4},"end":{"line":396,"column":65}},"238":{"start":{"line":397,"column":4},"end":{"line":397,"column":87}},"239":{"start":{"line":402,"column":23},"end":{"line":402,"column":27}},"240":{"start":{"line":403,"column":2},"end":{"line":411,"column":3}},"241":{"start":{"line":404,"column":26},"end":{"line":404,"column":94}},"242":{"start":{"line":405,"column":4},"end":{"line":409,"column":6}},"243":{"start":{"line":410,"column":4},"end":{"line":410,"column":172}},"244":{"start":{"line":413,"column":14},"end":{"line":415,"column":31}},"245":{"start":{"line":414,"column":30},"end":{"line":414,"column":90}},"246":{"start":{"line":418,"column":18},"end":{"line":418,"column":63}},"247":{"start":{"line":419,"column":2},"end":{"line":432,"column":3}},"248":{"start":{"line":420,"column":17},"end":{"line":420,"column":70}},"249":{"start":{"line":420,"column":45},"end":{"line":420,"column":53}},"250":{"start":{"line":421,"column":4},"end":{"line":431,"column":5}},"251":{"start":{"line":422,"column":17},"end":{"line":422,"column":18}},"252":{"start":{"line":423,"column":6},"end":{"line":430,"column":7}},"253":{"start":{"line":424,"column":25},"end":{"line":426,"column":9}},"254":{"start":{"line":425,"column":10},"end":{"line":425,"column":98}},"255":{"start":{"line":425,"column":91},"end":{"line":425,"column":97}},"256":{"start":{"line":427,"column":8},"end":{"line":427,"column":39}},"257":{"start":{"line":428,"column":8},"end":{"line":428,"column":41}},"258":{"start":{"line":428,"column":35},"end":{"line":428,"column":41}},"259":{"start":{"line":429,"column":8},"end":{"line":429,"column":15}},"260":{"start":{"line":434,"column":2},"end":{"line":434,"column":52}},"261":{"start":{"line":436,"column":18},"end":{"line":436,"column":20}},"262":{"start":{"line":437,"column":2},"end":{"line":450,"column":3}},"263":{"start":{"line":437,"column":15},"end":{"line":437,"column":16}},"264":{"start":{"line":438,"column":18},"end":{"line":438,"column":49}},"265":{"start":{"line":439,"column":25},"end":{"line":441,"column":5}},"266":{"start":{"line":440,"column":21},"end":{"line":440,"column":91}},"267":{"start":{"line":442,"column":4},"end":{"line":448,"column":7}},"268":{"start":{"line":443,"column":6},"end":{"line":447,"column":7}},"269":{"start":{"line":443,"column":36},"end":{"line":443,"column":58}},"270":{"start":{"line":445,"column":8},"end":{"line":445,"column":76}},"271":{"start":{"line":446,"column":8},"end":{"line":446,"column":96}},"272":{"start":{"line":449,"column":4},"end":{"line":449,"column":57}},"273":{"start":{"line":449,"column":40},"end":{"line":449,"column":57}},"274":{"start":{"line":453,"column":22},"end":{"line":453,"column":46}},"275":{"start":{"line":454,"column":2},"end":{"line":498,"column":3}},"276":{"start":{"line":455,"column":23},"end":{"line":455,"column":70}},"277":{"start":{"line":456,"column":26},"end":{"line":456,"column":48}},"278":{"start":{"line":457,"column":4},"end":{"line":457,"column":61}},"279":{"start":{"line":459,"column":17},"end":{"line":459,"column":18}},"280":{"start":{"line":460,"column":25},"end":{"line":460,"column":27}},"281":{"start":{"line":461,"column":4},"end":{"line":485,"column":5}},"282":{"start":{"line":462,"column":25},"end":{"line":462,"column":27}},"283":{"start":{"line":463,"column":6},"end":{"line":481,"column":7}},"284":{"start":{"line":465,"column":25},"end":{"line":476,"column":10}},"285":{"start":{"line":466,"column":22},"end":{"line":466,"column":102}},"286":{"start":{"line":467,"column":28},"end":{"line":467,"column":90}},"287":{"start":{"line":468,"column":22},"end":{"line":474,"column":12}},"288":{"start":{"line":469,"column":23},"end":{"line":469,"column":25}},"289":{"start":{"line":470,"column":12},"end":{"line":470,"column":56}},"290":{"start":{"line":470,"column":38},"end":{"line":470,"column":52}},"291":{"start":{"line":471,"column":12},"end":{"line":473,"column":15}},"292":{"start":{"line":472,"column":14},"end":{"line":472,"column":73}},"293":{"start":{"line":472,"column":20},"end":{"line":472,"column":46}},"294":{"start":{"line":472,"column":61},"end":{"line":472,"column":71}},"295":{"start":{"line":475,"column":10},"end":{"line":475,"column":34}},"296":{"start":{"line":477,"column":8},"end":{"line":477,"column":63}},"297":{"start":{"line":479,"column":8},"end":{"line":479,"column":81}},"298":{"start":{"line":480,"column":8},"end":{"line":480,"column":14}},"299":{"start":{"line":482,"column":6},"end":{"line":482,"column":59}},"300":{"start":{"line":483,"column":6},"end":{"line":483,"column":43}},"301":{"start":{"line":483,"column":37},"end":{"line":483,"column":43}},"302":{"start":{"line":484,"column":6},"end":{"line":484,"column":15}},"303":{"start":{"line":487,"column":4},"end":{"line":487,"column":66}},"304":{"start":{"line":489,"column":4},"end":{"line":497,"column":5}},"305":{"start":{"line":490,"column":6},"end":{"line":496,"column":7}},"306":{"start":{"line":491,"column":25},"end":{"line":491,"column":121}},"307":{"start":{"line":492,"column":8},"end":{"line":492,"column":31}},"308":{"start":{"line":494,"column":8},"end":{"line":494,"column":95}},"309":{"start":{"line":495,"column":8},"end":{"line":495,"column":112}},"310":{"start":{"line":501,"column":24},"end":{"line":509,"column":7}},"311":{"start":{"line":502,"column":17},"end":{"line":502,"column":61}},"312":{"start":{"line":503,"column":15},"end":{"line":509,"column":5}},"313":{"start":{"line":511,"column":19},"end":{"line":515,"column":3}},"314":{"start":{"line":517,"column":23},"end":{"line":517,"column":67}},"315":{"start":{"line":518,"column":24},"end":{"line":518,"column":57}},"316":{"start":{"line":519,"column":2},"end":{"line":519,"column":48}},"317":{"start":{"line":520,"column":2},"end":{"line":520,"column":54}},"318":{"start":{"line":521,"column":2},"end":{"line":523,"column":3}},"319":{"start":{"line":522,"column":4},"end":{"line":522,"column":74}},"320":{"start":{"line":527,"column":18},"end":{"line":527,"column":22}},"321":{"start":{"line":528,"column":21},"end":{"line":528,"column":51}},"322":{"start":{"line":529,"column":2},"end":{"line":544,"column":3}},"323":{"start":{"line":530,"column":4},"end":{"line":543,"column":5}},"324":{"start":{"line":531,"column":18},"end":{"line":531,"column":57}},"325":{"start":{"line":532,"column":17},"end":{"line":533,"column":75}},"326":{"start":{"line":534,"column":22},"end":{"line":534,"column":70}},"327":{"start":{"line":535,"column":6},"end":{"line":535,"column":37}},"328":{"start":{"line":536,"column":6},"end":{"line":536,"column":88}},"329":{"start":{"line":537,"column":6},"end":{"line":537,"column":94}},"330":{"start":{"line":537,"column":25},"end":{"line":537,"column":94}},"331":{"start":{"line":538,"column":6},"end":{"line":538,"column":42}},"332":{"start":{"line":539,"column":6},"end":{"line":539,"column":83}},"333":{"start":{"line":540,"column":6},"end":{"line":540,"column":73}},"334":{"start":{"line":542,"column":6},"end":{"line":542,"column":60}},"335":{"start":{"line":546,"column":2},"end":{"line":546,"column":43}},"336":{"start":{"line":547,"column":2},"end":{"line":547,"column":71}},"337":{"start":{"line":550,"column":15},"end":{"line":550,"column":19}},"338":{"start":{"line":551,"column":2},"end":{"line":559,"column":3}},"339":{"start":{"line":552,"column":20},"end":{"line":552,"column":41}},"340":{"start":{"line":553,"column":22},"end":{"line":553,"column":85}},"341":{"start":{"line":553,"column":58},"end":{"line":553,"column":83}},"342":{"start":{"line":554,"column":4},"end":{"line":557,"column":9}},"343":{"start":{"line":554,"column":25},"end":{"line":557,"column":7}},"344":{"start":{"line":554,"column":56},"end":{"line":557,"column":6}},"345":{"start":{"line":555,"column":6},"end":{"line":555,"column":75}},"346":{"start":{"line":555,"column":32},"end":{"line":555,"column":75}},"347":{"start":{"line":556,"column":6},"end":{"line":556,"column":52}},"348":{"start":{"line":558,"column":4},"end":{"line":558,"column":36}},"349":{"start":{"line":562,"column":27},"end":{"line":562,"column":31}},"350":{"start":{"line":563,"column":2},"end":{"line":569,"column":3}},"351":{"start":{"line":564,"column":4},"end":{"line":564,"column":76}},"352":{"start":{"line":565,"column":4},"end":{"line":568,"column":7}},"353":{"start":{"line":566,"column":16},"end":{"line":566,"column":51}},"354":{"start":{"line":567,"column":6},"end":{"line":567,"column":76}},"355":{"start":{"line":567,"column":52},"end":{"line":567,"column":76}},"356":{"start":{"line":571,"column":18},"end":{"line":580,"column":3}},"357":{"start":{"line":574,"column":33},"end":{"line":574,"column":55}},"358":{"start":{"line":575,"column":32},"end":{"line":575,"column":53}},"359":{"start":{"line":582,"column":2},"end":{"line":582,"column":72}},"360":{"start":{"line":583,"column":2},"end":{"line":585,"column":3}},"361":{"start":{"line":584,"column":4},"end":{"line":584,"column":80}},"362":{"start":{"line":586,"column":2},"end":{"line":586,"column":80}},"363":{"start":{"line":587,"column":2},"end":{"line":587,"column":17}},"364":{"start":{"line":590,"column":0},"end":{"line":592,"column":1}},"365":{"start":{"line":591,"column":2},"end":{"line":591,"column":68}},"366":{"start":{"line":591,"column":29},"end":{"line":591,"column":47}},"367":{"start":{"line":591,"column":48},"end":{"line":591,"column":64}},"368":{"start":{"line":594,"column":0},"end":{"line":594,"column":31}}},"fnMap":{"0":{"name":"sleep","decl":{"start":{"line":27,"column":9},"end":{"line":27,"column":14}},"loc":{"start":{"line":27,"column":19},"end":{"line":29,"column":1}},"line":27},"1":{"name":"(anonymous_1)","decl":{"start":{"line":28,"column":21},"end":{"line":28,"column":22}},"loc":{"start":{"line":28,"column":32},"end":{"line":28,"column":55}},"line":28},"2":{"name":"withRateLimitRetry","decl":{"start":{"line":31,"column":15},"end":{"line":31,"column":33}},"loc":{"start":{"line":31,"column":38},"end":{"line":48,"column":1}},"line":31},"3":{"name":"zipDirectory","decl":{"start":{"line":50,"column":15},"end":{"line":50,"column":27}},"loc":{"start":{"line":50,"column":45},"end":{"line":60,"column":1}},"line":50},"4":{"name":"(anonymous_4)","decl":{"start":{"line":51,"column":21},"end":{"line":51,"column":22}},"loc":{"start":{"line":51,"column":42},"end":{"line":59,"column":3}},"line":51},"5":{"name":"backupRepo","decl":{"start":{"line":62,"column":15},"end":{"line":62,"column":25}},"loc":{"start":{"line":62,"column":90},"end":{"line":257,"column":1}},"line":62},"6":{"name":"(anonymous_6)","decl":{"start":{"line":191,"column":49},"end":{"line":191,"column":50}},"loc":{"start":{"line":191,"column":55},"end":{"line":191,"column":88}},"line":191},"7":{"name":"(anonymous_7)","decl":{"start":{"line":194,"column":56},"end":{"line":194,"column":57}},"loc":{"start":{"line":194,"column":62},"end":{"line":194,"column":101}},"line":194},"8":{"name":"(anonymous_8)","decl":{"start":{"line":197,"column":51},"end":{"line":197,"column":52}},"loc":{"start":{"line":197,"column":57},"end":{"line":197,"column":92}},"line":197},"9":{"name":"(anonymous_9)","decl":{"start":{"line":200,"column":49},"end":{"line":200,"column":50}},"loc":{"start":{"line":200,"column":55},"end":{"line":200,"column":88}},"line":200},"10":{"name":"(anonymous_10)","decl":{"start":{"line":203,"column":53},"end":{"line":203,"column":54}},"loc":{"start":{"line":203,"column":59},"end":{"line":203,"column":96}},"line":203},"11":{"name":"(anonymous_11)","decl":{"start":{"line":206,"column":49},"end":{"line":206,"column":50}},"loc":{"start":{"line":206,"column":55},"end":{"line":206,"column":92}},"line":206},"12":{"name":"backupGitLabProject","decl":{"start":{"line":259,"column":15},"end":{"line":259,"column":34}},"loc":{"start":{"line":259,"column":106},"end":{"line":334,"column":1}},"line":259},"13":{"name":"loadPrevIncrementalState","decl":{"start":{"line":340,"column":15},"end":{"line":340,"column":39}},"loc":{"start":{"line":340,"column":83},"end":{"line":367,"column":1}},"line":340},"14":{"name":"(anonymous_14)","decl":{"start":{"line":344,"column":14},"end":{"line":344,"column":15}},"loc":{"start":{"line":344,"column":19},"end":{"line":344,"column":48}},"line":344},"15":{"name":"(anonymous_15)","decl":{"start":{"line":348,"column":14},"end":{"line":348,"column":15}},"loc":{"start":{"line":348,"column":19},"end":{"line":348,"column":70}},"line":348},"16":{"name":"(anonymous_16)","decl":{"start":{"line":351,"column":35},"end":{"line":351,"column":36}},"loc":{"start":{"line":351,"column":40},"end":{"line":351,"column":70}},"line":351},"17":{"name":"runBackup","decl":{"start":{"line":369,"column":15},"end":{"line":369,"column":24}},"loc":{"start":{"line":369,"column":39},"end":{"line":588,"column":1}},"line":369},"18":{"name":"(anonymous_18)","decl":{"start":{"line":414,"column":24},"end":{"line":414,"column":25}},"loc":{"start":{"line":414,"column":30},"end":{"line":414,"column":90}},"line":414},"19":{"name":"(anonymous_19)","decl":{"start":{"line":420,"column":40},"end":{"line":420,"column":41}},"loc":{"start":{"line":420,"column":45},"end":{"line":420,"column":53}},"line":420},"20":{"name":"(anonymous_20)","decl":{"start":{"line":424,"column":50},"end":{"line":424,"column":51}},"loc":{"start":{"line":425,"column":10},"end":{"line":425,"column":98}},"line":425},"21":{"name":"(anonymous_21)","decl":{"start":{"line":425,"column":86},"end":{"line":425,"column":87}},"loc":{"start":{"line":425,"column":91},"end":{"line":425,"column":97}},"line":425},"22":{"name":"(anonymous_22)","decl":{"start":{"line":440,"column":16},"end":{"line":440,"column":17}},"loc":{"start":{"line":440,"column":21},"end":{"line":440,"column":91}},"line":440},"23":{"name":"(anonymous_23)","decl":{"start":{"line":442,"column":25},"end":{"line":442,"column":26}},"loc":{"start":{"line":442,"column":37},"end":{"line":448,"column":5}},"line":442},"24":{"name":"(anonymous_24)","decl":{"start":{"line":465,"column":43},"end":{"line":465,"column":44}},"loc":{"start":{"line":465,"column":64},"end":{"line":476,"column":9}},"line":465},"25":{"name":"(anonymous_25)","decl":{"start":{"line":468,"column":99},"end":{"line":468,"column":100}},"loc":{"start":{"line":468,"column":108},"end":{"line":474,"column":11}},"line":468},"26":{"name":"(anonymous_26)","decl":{"start":{"line":470,"column":27},"end":{"line":470,"column":28}},"loc":{"start":{"line":470,"column":36},"end":{"line":470,"column":54}},"line":470},"27":{"name":"(anonymous_27)","decl":{"start":{"line":471,"column":26},"end":{"line":471,"column":27}},"loc":{"start":{"line":471,"column":32},"end":{"line":473,"column":13}},"line":471},"28":{"name":"(anonymous_28)","decl":{"start":{"line":502,"column":12},"end":{"line":502,"column":13}},"loc":{"start":{"line":502,"column":17},"end":{"line":502,"column":61}},"line":502},"29":{"name":"(anonymous_29)","decl":{"start":{"line":503,"column":9},"end":{"line":503,"column":10}},"loc":{"start":{"line":503,"column":15},"end":{"line":509,"column":5}},"line":503},"30":{"name":"(anonymous_30)","decl":{"start":{"line":553,"column":53},"end":{"line":553,"column":54}},"loc":{"start":{"line":553,"column":58},"end":{"line":553,"column":83}},"line":553},"31":{"name":"(anonymous_31)","decl":{"start":{"line":554,"column":20},"end":{"line":554,"column":21}},"loc":{"start":{"line":554,"column":25},"end":{"line":557,"column":7}},"line":554},"32":{"name":"(anonymous_32)","decl":{"start":{"line":554,"column":51},"end":{"line":554,"column":52}},"loc":{"start":{"line":554,"column":56},"end":{"line":557,"column":6}},"line":554},"33":{"name":"(anonymous_33)","decl":{"start":{"line":554,"column":82},"end":{"line":554,"column":83}},"loc":{"start":{"line":554,"column":87},"end":{"line":557,"column":5}},"line":554},"34":{"name":"(anonymous_34)","decl":{"start":{"line":565,"column":20},"end":{"line":565,"column":21}},"loc":{"start":{"line":565,"column":25},"end":{"line":568,"column":5}},"line":565},"35":{"name":"(anonymous_35)","decl":{"start":{"line":574,"column":28},"end":{"line":574,"column":29}},"loc":{"start":{"line":574,"column":33},"end":{"line":574,"column":55}},"line":574},"36":{"name":"(anonymous_36)","decl":{"start":{"line":575,"column":27},"end":{"line":575,"column":28}},"loc":{"start":{"line":575,"column":32},"end":{"line":575,"column":53}},"line":575},"37":{"name":"(anonymous_37)","decl":{"start":{"line":591,"column":20},"end":{"line":591,"column":21}},"loc":{"start":{"line":591,"column":27},"end":{"line":591,"column":66}},"line":591}},"branchMap":{"0":{"loc":{"start":{"line":19,"column":51},"end":{"line":19,"column":86}},"type":"binary-expr","locations":[{"start":{"line":19,"column":51},"end":{"line":19,"column":79}},{"start":{"line":19,"column":83},"end":{"line":19,"column":86}}],"line":19},"1":{"loc":{"start":{"line":21,"column":26},"end":{"line":21,"column":60}},"type":"binary-expr","locations":[{"start":{"line":21,"column":26},"end":{"line":21,"column":54}},{"start":{"line":21,"column":58},"end":{"line":21,"column":60}}],"line":21},"2":{"loc":{"start":{"line":23,"column":17},"end":{"line":23,"column":106}},"type":"binary-expr","locations":[{"start":{"line":23,"column":17},"end":{"line":23,"column":43}},{"start":{"line":23,"column":47},"end":{"line":23,"column":106}}],"line":23},"3":{"loc":{"start":{"line":24,"column":25},"end":{"line":24,"column":62}},"type":"binary-expr","locations":[{"start":{"line":24,"column":25},"end":{"line":24,"column":51}},{"start":{"line":24,"column":55},"end":{"line":24,"column":62}}],"line":24},"4":{"loc":{"start":{"line":25,"column":29},"end":{"line":25,"column":66}},"type":"binary-expr","locations":[{"start":{"line":25,"column":29},"end":{"line":25,"column":59}},{"start":{"line":25,"column":63},"end":{"line":25,"column":66}}],"line":25},"5":{"loc":{"start":{"line":35,"column":4},"end":{"line":38,"column":5}},"type":"if","locations":[{"start":{"line":35,"column":4},"end":{"line":38,"column":5}},{"start":{},"end":{}}],"line":35},"6":{"loc":{"start":{"line":39,"column":4},"end":{"line":45,"column":5}},"type":"if","locations":[{"start":{"line":39,"column":4},"end":{"line":45,"column":5}},{"start":{},"end":{}}],"line":39},"7":{"loc":{"start":{"line":39,"column":8},"end":{"line":39,"column":48}},"type":"binary-expr","locations":[{"start":{"line":39,"column":8},"end":{"line":39,"column":26}},{"start":{"line":39,"column":30},"end":{"line":39,"column":48}}],"line":39},"8":{"loc":{"start":{"line":40,"column":26},"end":{"line":40,"column":107}},"type":"binary-expr","locations":[{"start":{"line":40,"column":26},"end":{"line":40,"column":38}},{"start":{"line":40,"column":42},"end":{"line":40,"column":62}},{"start":{"line":40,"column":66},"end":{"line":40,"column":107}}],"line":40},"9":{"loc":{"start":{"line":41,"column":21},"end":{"line":41,"column":103}},"type":"cond-expr","locations":[{"start":{"line":41,"column":35},"end":{"line":41,"column":95}},{"start":{"line":41,"column":98},"end":{"line":41,"column":103}}],"line":41},"10":{"loc":{"start":{"line":74,"column":4},"end":{"line":186,"column":5}},"type":"if","locations":[{"start":{"line":74,"column":4},"end":{"line":186,"column":5}},{"start":{},"end":{}}],"line":74},"11":{"loc":{"start":{"line":81,"column":6},"end":{"line":120,"column":7}},"type":"if","locations":[{"start":{"line":81,"column":6},"end":{"line":120,"column":7}},{"start":{"line":118,"column":13},"end":{"line":120,"column":7}}],"line":81},"12":{"loc":{"start":{"line":84,"column":42},"end":{"line":84,"column":59}},"type":"binary-expr","locations":[{"start":{"line":84,"column":42},"end":{"line":84,"column":46}},{"start":{"line":84,"column":50},"end":{"line":84,"column":59}}],"line":84},"13":{"loc":{"start":{"line":89,"column":8},"end":{"line":93,"column":9}},"type":"if","locations":[{"start":{"line":89,"column":8},"end":{"line":93,"column":9}},{"start":{},"end":{}}],"line":89},"14":{"loc":{"start":{"line":89,"column":12},"end":{"line":90,"column":61}},"type":"binary-expr","locations":[{"start":{"line":89,"column":12},"end":{"line":89,"column":28}},{"start":{"line":89,"column":32},"end":{"line":89,"column":36}},{"start":{"line":89,"column":40},"end":{"line":89,"column":65}},{"start":{"line":90,"column":12},"end":{"line":90,"column":61}}],"line":89},"15":{"loc":{"start":{"line":95,"column":8},"end":{"line":108,"column":9}},"type":"if","locations":[{"start":{"line":95,"column":8},"end":{"line":108,"column":9}},{"start":{},"end":{}}],"line":95},"16":{"loc":{"start":{"line":101,"column":10},"end":{"line":101,"column":109}},"type":"if","locations":[{"start":{"line":101,"column":10},"end":{"line":101,"column":109}},{"start":{},"end":
[...]
e":90,"column":53},"end":{"line":90,"column":109}},"type":"cond-expr","locations":[{"start":{"line":90,"column":69},"end":{"line":90,"column":103}},{"start":{"line":90,"column":106},"end":{"line":90,"column":109}}],"line":90},"22":{"loc":{"start":{"line":119,"column":17},"end":{"line":124,"column":93}},"type":"binary-expr","locations":[{"start":{"line":119,"column":17},"end":{"line":124,"column":23}},{"start":{"line":124,"column":27},"end":{"line":124,"column":93}}],"line":119},"23":{"loc":{"start":{"line":123,"column":32},"end":{"line":123,"column":58}},"type":"cond-expr","locations":[{"start":{"line":123,"column":44},"end":{"line":123,"column":53}},{"start":{"line":123,"column":56},"end":{"line":123,"column":58}}],"line":123},"24":{"loc":{"start":{"line":123,"column":63},"end":{"line":123,"column":98}},"type":"cond-expr","locations":[{"start":{"line":123,"column":75},"end":{"line":123,"column":87}},{"start":{"line":123,"column":90},"end":{"line":123,"column":98}}],"line":123},"25":{"loc":{"start":{"line":138,"column":19},"end":{"line":138,"column":88}},"type":"binary-expr","locations":[{"start":{"line":138,"column":19},"end":{"line":138,"column":75}},{"start":{"line":138,"column":79},"end":{"line":138,"column":88}}],"line":138},"26":{"loc":{"start":{"line":164,"column":19},"end":{"line":168,"column":96}},"type":"binary-expr","locations":[{"start":{"line":164,"column":19},"end":{"line":168,"column":23}},{"start":{"line":168,"column":27},"end":{"line":168,"column":96}}],"line":164},"27":{"loc":{"start":{"line":189,"column":2},"end":{"line":189,"column":58}},"type":"if","locations":[{"start":{"line":189,"column":2},"end":{"line":189,"column":58}},{"start":{},"end":{}}],"line":189},"28":{"loc":{"start":{"line":206,"column":2},"end":{"line":206,"column":66}},"type":"if","locations":[{"start":{"line":206,"column":2},"end":{"line":206,"column":66}},{"start":{},"end":{}}],"line":206},"29":{"loc":{"start":{"line":209,"column":22},"end":{"line":209,"column":95}},"type":"binary-expr","locations":[{"start":{"line":209,"column":22},"end":{"line":209,"column":82}},{"start":{"line":209,"column":86},"end":{"line":209,"column":95}}],"line":209},"30":{"loc":{"start":{"line":247,"column":10},"end":{"line":249,"column":70}},"type":"cond-expr","locations":[{"start":{"line":248,"column":12},"end":{"line":248,"column":96}},{"start":{"line":249,"column":12},"end":{"line":249,"column":70}}],"line":247},"31":{"loc":{"start":{"line":253,"column":10},"end":{"line":255,"column":88}},"type":"cond-expr","locations":[{"start":{"line":254,"column":12},"end":{"line":254,"column":62}},{"start":{"line":255,"column":12},"end":{"line":255,"column":88}}],"line":253},"32":{"loc":{"start":{"line":264,"column":17},"end":{"line":264,"column":67}},"type":"cond-expr","locations":[{"start":{"line":264,"column":25},"end":{"line":264,"column":62}},{"start":{"line":264,"column":65},"end":{"line":264,"column":67}}],"line":264},"33":{"loc":{"start":{"line":267,"column":10},"end":{"line":267,"column":92}},"type":"cond-expr","locations":[{"start":{"line":267,"column":23},"end":{"line":267,"column":53}},{"start":{"line":267,"column":56},"end":{"line":267,"column":92}}],"line":267},"34":{"loc":{"start":{"line":274,"column":10},"end":{"line":274,"column":109}},"type":"cond-expr","locations":[{"start":{"line":274,"column":22},"end":{"line":274,"column":50}},{"start":{"line":274,"column":53},"end":{"line":274,"column":109}}],"line":274},"35":{"loc":{"start":{"line":283,"column":6},"end":{"line":286,"column":7}},"type":"if","locations":[{"start":{"line":283,"column":6},"end":{"line":286,"column":7}},{"start":{},"end":{}}],"line":283},"36":{"loc":{"start":{"line":289,"column":6},"end":{"line":297,"column":7}},"type":"if","locations":[{"start":{"line":289,"column":6},"end":{"line":297,"column":7}},{"start":{"line":295,"column":13},"end":{"line":297,"column":7}}],"line":289},"37":{"loc":{"start":{"line":290,"column":18},"end":{"line":290,"column":35}},"type":"binary-expr","locations":[{"start":{"line":290,"column":18},"end":{"line":290,"column":29}},{"start":{"line":290,"column":33},"end":{"line":290,"column":35}}],"line":290},"38":{"loc":{"start":{"line":291,"column":23},"end":{"line":293,"column":102}},"type":"cond-expr","locations":[{"start":{"line":292,"column":12},"end":{"line":292,"column":74}},{"start":{"line":293,"column":12},"end":{"line":293,"column":102}}],"line":291},"39":{"loc":{"start":{"line":293,"column":16},"end":{"line":293,"column":33}},"type":"binary-expr","locations":[{"start":{"line":293,"column":16},"end":{"line":293,"column":27}},{"start":{"line":293,"column":31},"end":{"line":293,"column":33}}],"line":293}},"s":{"0":0,"1":0,"2":0,"3":0,"4":0,"5":0,"6":0,"7":0,"8":0,"9":0,"10":0,"11":0,"12":0,"13":0,"14":0,"15":0,"16":0,"17":0,"18":0,"19":0,"20":0,"21":0,"22":0,"23":0,"24":0,"25":0,"26":0,"27":0,"28":0,"29":0,"30":0,"31":0,"32":0,"33":0,"34":0,"35":0,"36":0,"37":0,"38":0,"39":0,"40":0,"41":0,"42":0,"43":0,"44":0,"45":0,"46":0,"47":0,"48":0,"49":0,"50":0,"51":0,"52":0,"53":0,"54":0,"55":0,"56":0,"57":0,"58":0,"59":0,"60":0,"61":0,"62":0,"63":0,"64":0,"65":0,"66":0,"67":0,"68":0,"69":0,"70":0,"71":0,"72":0,"73":0,"74":0,"75":0,"76":0,"77":0,"78":0,"79":0,"80":0,"81":0,"82":0,"83":0,"84":0,"85":0,"86":0,"87":0,"88":0,"89":0,"90":0,"91":0,"92":0,"93":0,"94":0,"95":0,"96":0,"97":0,"98":0,"99":0,"100":0,"101":0,"102":0,"103":0,"104":0,"105":0,"106":0,"107":0,"108":0,"109":0,"110":0,"111":0,"112":0,"113":0,"114":0,"115":0,"116":0,"117":0,"118":0,"119":0,"120":0,"121":0,"122":0,"123":0,"124":0,"125":0,"126":0,"127":0,"128":0,"129":0,"130":0,"131":0,"132":0,"133":0,"134":0,"135":0,"136":0,"137":0,"138":0,"139":0,"140":0,"141":0,"142":0,"143":0,"144":0,"145":0,"146":0,"147":0,"148":0,"149":0,"150":0,"151":0,"152":0,"153":0,"154":0,"155":0,"156":0,"157":0,"158":0,"159":0,"160":0,"161":0,"162":0,"163":0,"164":0,"165":0,"166":0,"167":0,"168":0,"169":0,"170":0,"171":0,"172":0,"173":0,"174":0,"175":0,"176":0,"177":0,"178":0,"179":0,"180":0,"181":0,"182":0,"183":0,"184":0,"185":0,"186":0,"187":0,"188":0,"189":0,"190":0},"f":{"0":0,"1":0,"2":0,"3":0,"4":0,"5":0,"6":0,"7":0,"8":0,"9":0,"10":0,"11":0,"12":0,"13":0,"14":0,"15":0,"16":0,"17":0,"18":0,"19":0,"20":0,"21":0,"22":0,"23":0,"24":0,"25":0,"26":0,"27":0,"28":0,"29":0,"30":0,"31":0,"32":0,"33":0,"34":0,"35":0,"36":0,"37":0,"38":0},"b":{"0":[0,0],"1":[0,0],"2":[0,0],"3":[0,0],"4":[0,0],"5":[0,0],"6":[0,0],"7":[0,0],"8":[0,0],"9":[0,0],"10":[0,0],"11":[0,0],"12":[0,0],"13":[0,0],"14":[0,0],"15":[0,0],"16":[0,0],"17":[0,0],"18":[0,0],"19":[0,0],"20":[0,0],"21":[0,0],"22":[0,0],"23":[0,0],"24":[0,0],"25":[0,0],"26":[0,0],"27":[0,0],"28":[0,0],"29":[0,0],"30":[0,0],"31":[0,0],"32":[0,0],"33":[0,0],"34":[0,0],"35":[0,0],"36":[0,0],"37":[0,0],"38":[0,0],"39":[0,0]}}
,"C:\\Users\\omar.rao\\OneDrive - Veeam Software Corporation\\Claude\\github-gdrive-backup\\src\\server\\routes\\api.js": {"path":"C:\\Users\\omar.rao\\OneDrive - Veeam Software Corporation\\Claude\\github-gdrive-backup\\src\\server\\routes\\api.js","statementMap":{"0":{"start":{"line":5,"column":16},"end":{"line":5,"column":34}},"1":{"start":{"line":6,"column":15},"end":{"line":6,"column":31}},"2":{"start":{"line":7,"column":22},"end":{"line":7,"column":51}},"3":{"start":{"line":8,"column":23},"end":{"line":8,"column":53}},"4":{"start":{"line":9,"column":26},"end":{"line":9,"column":56}},"5":{"start":{"line":10,"column":21},"end":{"line":10,"column":51}},"6":{"start":{"line":13,"column":13},"end":{"line":13,"column":22}},"7":{"start":{"line":16,"column":2},"end":{"line":16,"column":71}},"8":{"start":{"line":20,"column":0},"end":{"line":34,"column":3}},"9":{"start":{"line":21,"column":16},"end":{"line":21,"column":59}},"10":{"start":{"line":22,"column":18},"end":{"line":24,"column":3}},"11":{"start":{"line":25,"column":17},"end":{"line":25,"column":22}},"12":{"start":{"line":26,"column":19},"end":{"line":26,"column":23}},"13":{"start":{"line":27,"column":2},"end":{"line":32,"column":12}},"14":{"start":{"line":28,"column":15},"end":{"line":28,"column":38}},"15":{"start":{"line":29,"column":21},"end":{"line":29,"column":62}},"16":{"start":{"line":30,"column":4},"end":{"line":30,"column":20}},"17":{"start":{"line":31,"column":4},"end":{"line":31,"column":28}},"18":{"start":{"line":33,"column":2},"end":{"line":33,"column":46}},"19":{"start":{"line":37,"column":0},"end":{"line":47,"column":3}},"20":{"start":{"line":38,"column":2},"end":{"line":46,"column":3}},"21":{"start":{"line":39,"column":18},"end":{"line":39,"column":61}},"22":{"start":{"line":40,"column":18},"end":{"line":40,"column":60}},"23":{"start":{"line":41,"column":15},"end":{"line":41,"column":38}},"24":{"start":{"line":42,"column":18},"end":{"line":42,"column":43}},"25":{"start":{"line":43,"column":4},"end":{"line":43,"column":133}},"26":{"start":{"line":43,"column":29},"end":{"line":43,"column":129}},"27":{"start":{"line":45,"column":4},"end":{"line":45,"column":49}},"28":{"start":{"line":50,"column":0},"end":{"line":62,"column":3}},"29":{"start":{"line":51,"column":2},"end":{"line":61,"column":3}},"30":{"start":{"line":52,"column":17},"end":{"line":55,"column":5}},"31":{"start":{"line":56,"column":18},"end":{"line":56,"column":45}},"32":{"start":{"line":57,"column":21},"end":{"line":57,"column":74}},"33":{"start":{"line":58,"column":4},"end":{"line":58,"column":23}},"34":{"start":{"line":60,"column":4},"end":{"line":60,"column":49}},"35":{"start":{"line":65,"column":0},"end":{"line":77,"column":3}},"36":{"start":{"line":66,"column":2},"end":{"line":76,"column":3}},"37":{"start":{"line":67,"column":17},"end":{"line":70,"column":5}},"38":{"start":{"line":71,"column":18},"end":{"line":71,"column":45}},"39":{"start":{"line":72,"column":18},"end":{"line":72,"column":70}},"40":{"start":{"line":73,"column":4},"end":{"line":73,"column":85}},"41":{"start":{"line":73,"column":31},"end":{"line":73,"column":82}},"42":{"start":{"line":75,"column":4},"end":{"line":75,"column":49}},"43":{"start":{"line":80,"column":0},"end":{"line":96,"column":3}},"44":{"start":{"line":81,"column":16},"end":{"line":81,"column":27}},"45":{"start":{"line":82,"column":15},"end":{"line":87,"column":3}},"46":{"start":{"line":89,"column":2},"end":{"line":89,"column":100}},"47":{"start":{"line":91,"column":2},"end":{"line":93,"column":121}},"48":{"start":{"line":92,"column":21},"end":{"line":92,"column":109}},"49":{"start":{"line":93,"column":18},"end":{"line":93,"column":119}},"50":{"start":{"line":95,"column":2},"end":{"line":95,"column":49}},"51":{"start":{"line":99,"column":0},"end":{"line":120,"column":3}},"52":{"start":{"line":100,"column":16},"end":{"line":100,"column":27}},"53":{"start":{"line":101,"column":15},"end":{"line":109,"column":3}},"54":{"start":{"line":111,"column":2},"end":{"line":111,"column":87}},"55":{"start":{"line":111,"column":23},"end":{"line":111,"column":87}},"56":{"start":{"line":113,"column":2},"end":{"line":113,"column":92}},"57":{"start":{"line":115,"column":2},"end":{"line":117,"column":121}},"58":{"start":{"line":116,"column":21},"end":{"line":116,"column":109}},"59":{"start":{"line":117,"column":18},"end":{"line":117,"column":119}},"60":{"start":{"line":119,"column":2},"end":{"line":119,"column":50}},"61":{"start":{"line":123,"column":0},"end":{"line":127,"column":3}},"62":{"start":{"line":124,"column":14},"end":{"line":124,"column":40}},"63":{"start":{"line":125,"column":2},"end":{"line":125,"column":68}},"64":{"start":{"line":125,"column":12},"end":{"line":125,"column":68}},"65":{"start":{"line":126,"column":2},"end":{"line":126,"column":16}},"66":{"start":{"line":129,"column":0},"end":{"line":131,"column":3}},"67":{"start":{"line":130,"column":2},"end":{"line":130,"column":86}},"68":{"start":{"line":130,"column":45},"end":{"line":130,"column":70}},"69":{"start":{"line":133,"column":0},"end":{"line":133,"column":24}}},"fnMap":{"0":{"name":"makeJobId","decl":{"start":{"line":15,"column":9},"end":{"line":15,"column":18}},"loc":{"start":{"line":15,"column":21},"end":{"line":17,"column":1}},"line":15},"1":{"name":"(anonymous_1)","decl":{"start":{"line":20,"column":22},"end":{"line":20,"column":23}},"loc":{"start":{"line":20,"column":42},"end":{"line":34,"column":1}},"line":20},"2":{"name":"(anonymous_2)","decl":{"start":{"line":37,"column":21},"end":{"line":37,"column":22}},"loc":{"start":{"line":37,"column":41},"end":{"line":47,"column":1}},"line":37},"3":{"name":"(anonymous_3)","decl":{"start":{"line":43,"column":23},"end":{"line":43,"column":24}},"loc":{"start":{"line":43,"column":29},"end":{"line":43,"column":129}},"line":43},"4":{"name":"(anonymous_4)","decl":{"start":{"line":50,"column":23},"end":{"line":50,"column":24}},"loc":{"start":{"line":50,"column":43},"end":{"line":62,"column":1}},"line":50},"5":{"name":"(anonymous_5)","decl":{"start":{"line":65,"column":40},"end":{"line":65,"column":41}},"loc":{"start":{"line":65,"column":60},"end":{"line":77,"column":1}},"line":65},"6":{"name":"(anonymous_6)","decl":{"start":{"line":73,"column":26},"end":{"line":73,"column":27}},"loc":{"start":{"line":73,"column":31},"end":{"line":73,"column":82}},"line":73},"7":{"name":"(anonymous_7)","decl":{"start":{"line":80,"column":23},"end":{"line":80,"column":24}},"loc":{"start":{"line":80,"column":43},"end":{"line":96,"column":1}},"line":80},"8":{"name":"(anonymous_8)","decl":{"start":{"line":92,"column":10},"end":{"line":92,"column":11}},"loc":{"start":{"line":92,"column":21},"end":{"line":92,"column":109}},"line":92},"9":{"name":"(anonymous_9)","decl":{"start":{"line":93,"column":11},"end":{"line":93,"column":12}},"loc":{"start":{"line":93,"column":18},"end":{"line":93,"column":119}},"line":93},"10":{"name":"(anonymous_10)","decl":{"start":{"line":99,"column":24},"end":{"line":99,"column":25}},"loc":{"start":{"line":99,"column":44},"end":{"line":120,"column":1}},"line":99},"11":{"name":"(anonymous_11)","decl":{"start":{"line":116,"column":10},"end":{"line":116,"column":11}},"loc":{"start":{"line":116,"column":21},"end":{"line":116,"column":109}},"line":116},"12":{"name":"(anonymous_12)","decl":{"start":{"line":117,"column":11},"end":{"line":117,"column":12}},"loc":{"start":{"line":117,"column":18},"end":{"line":117,"column":119}},"line":117},"13":{"name":"(anonymous_13)","decl":{"start":{"line":123,"column":27},"end":{"line":123,"column":28}},"loc":{"start":{"line":123,"column":41},"end":{"line":127,"column":1}},"line":123},"14":{"name":"(anonymous_14)","decl":{"start":{"line":129,"column":20},"end":{"line":129,"column":21}},"loc":{"start":{"line":129,"column":34},"end":{"line":131,"column":1}},"line":129},"15":{"name":"(anonymous_15)","decl":{"start":{"line":130,"column":35},"end":{"line":130,"column":36}},"loc":{"start":{"line":130,"column":45},"end":{"line":130,"column":70}},"line":130}},"branchMap":{"0":{"loc":{"start":{"line":21,"column":16},"end":{"line":21,"column":59}},"type":"binary-expr","locations":[{"start":{"line":21,"column":16},"end":{"line":21,"column":31}},{"start":{"line":21,"column":35},"end":{"line":21,"column":59}}],"line":21},"1":{"loc":{"start":{"line":23,"column":4},"end":{"line":23,"column":70}},"type":"binary-expr","locations":[{"start":{"line":23,"column":4},"end":{"line":23,"column":33}},{"start":{"line":23,"column":37},"end":{"line":23,"column":70}}],"line":23},"2":{"loc":{"start":{"line":39,"column":18},"end":{"line":39,"column":61}},"type":"binary-expr","locations":[{"start":{"line":39,"column":18},"end":{"line":39,"column":33}},{"start":{"line":39,"column":37},"end":{"line":39,"column":61}}],"line":39},"3":{"loc":{"start":{"line":40,"column":18},"end":{"line":40,"column":60}},"type":"binary-expr","locations":[{"start":{"line":40,"column":18},"end":{"line":40,"column":33}},{"start":{"line":40,"column":37},"end":{"line":40,"column":60}}],"line":40},"4":{"loc":{"start":{"line":53,"column":6},"end":{"line":53,"column":88}},"type":"binary-expr","locations":[{"start":{"line":53,"column":6},"end":{"line":53,"column":43}},{"start":{"line":53,"column":47},"end":{"line":53,"column":88}}],"line":53},"5":{"loc":{"start":{"line":54,"column":6},"end":{"line":54,"column":72}},"type":"binary-expr","locations":[{"start":{"line":54,"column":6},"end":{"line":54,"column":35}},{"start":{"line":54,"column":39},"end":{"line":54,"column":72}}],"line":54},"6":{"loc":{"start":{"line":68,"column":6},"end":{"line":68,"column":88}},"type":"binary-expr","locations":[{"start":{"line":68,"column":6},"end":{"line":68,"column":43}},{"start":{"line":68,"column":47},"end":{"line":68,"column":88}}],"line":68},"7":{"loc":{"start":{"line":69,"column":6},"end":{"line":69,"column":72}},"type":"binary-expr","locations":[{"start":{"line":69,"column":6},"end":{"line":69,"column":35}},{"start":{"line":69,"column":39},"end":{"line":69,"column":72}}],"line":69},"8":{"loc":{"start":{"line":83,"column":11},"end":{"line":83,"column":53}},"type":"binary-expr","locations":[{"start":{"line":83,"column":11},"end":{"line":83,"column":25}},{"start":{"line":83,"column":29},"end":{"line":83,"column":53}}],"line":83},"9":{"loc":{"start":{"line":84,"column":11},"end":{"line":84,"column":52}},"type":"binary-expr","locations":[{"start":{"line":84,"column":11},"end":{"line":84,"column":25}},{"start":{"line":84,"column":29},"end":{"line":84,"column":52}}],"line":84},"10":{"loc":{"start":{"line":85,"column":14},"end":{"line":85,"column":63}},"type":"binary-expr","locations":[{"start":{"line":85,"column":14},"end":{"line":85,"column":31}},{"start":{"line":85,"column":35},"end":{"line":85,"column":63}}],"line":85},"11":{"loc":{"start":{"line":86,"column":11},"end":{"line":86,"column":31}},"type":"binary-expr","locations":[{"start":{"line":86,"column":11},"end":{"line":86,"column":25}},{"start":{"line":86,"column":29},"end":{"line":86,"column":31}}],"line":86},"12":{"loc":{"start":{"line":102,"column":11},"end":{"line":102,"column":53}},"type":"binary-expr","locations":[{"start":{"line":102,"column":11},"end":{"line":102,"column":25}},{"start":{"line":102,"column":29},"end":{"line":102,"column":53}}],"line":102},"13":{"loc":{"start":{"line":103,"column":11},"end":{"line":103,"column":52}},"type":"binary-expr","locations":[{"start":{"line":103,"column":11},"end":{"line":103,"column":25}},{"start":{"line":103,"column":29},"end":{"line":103,"column":52}}],"line":103},"14":{"loc":{"start":{"line":104,"column":14},"end":{"line":104,"column":63}},"type":"binary-expr","locations":[{"start":{"line":104,"column":14},"end":{"line":104,"column":31}},{"start":{"line":104,"column":35},"end":{"line":104,"column":63}}],"line":104},"15":{"loc":{"start":{"line":106,"column":11},"end":{"line":106,"column":31}},"type":"binary-expr","locations":[{"start":{"line":106,"column":11},"end":{"line":106,"column":25}},{"start":{"line":106,"column":29},"end":{"line":106,"column":31}}],"line":106},"16":{"loc":{"start":{"line":111,"column":2},"end":{"line":111,"column":87}},"type":"if","locations":[{"start":{"line":111,"column":2},"end":{"line":111,"column":87}},{"start":{},"end":{}}],"line":111},"17":{"loc":{"start":{"line":125,"column":2},"end":{"line":125,"column":68}},"type":"if","locations":[{"start":{"line":125,"column":2},"end":{"line":125,"column":68}},{"start":{},"end":{}}],"line":125}},"s":{"0":0,"1":0,"2":0,"3":0,"4":0,"5":0,"6":0,"7":0,"8":0,"9":0,"10":0,"11":0,"12":0,"13":0,"14":0,"15":0,"16":0,"17":0,"18":0,"19":0,"20":0,"21":0,"22":0,"23":0,"24":0,"25":0,"26":0,"27":0,"28":0,"29":0,"30":0,"31":0,"32":0,"33":0,"34":0,"35":0,"36":0,"37":0,"38":0,"39":0,"40":0,"41":0,"42":0,"43":0,"44":0,"45":0,"46":0,"47":0,"48":0,"49":0,"50":0,"51":0,"52":0,"53":0,"54":0,"55":0,"56":0,"57":0,"58":0,"59":0,"60":0,"61":0,"62":0,"63":0,"64":0,"65":0,"66":0,"67":0,"68":0,"69":0},"f":{"0":0,"1":0,"2":0,"3":0,"4":0,"5":0,"6":0,"7":0,"8":0,"9":0,"10":0,"11":0,"12":0,"13":0,"14":0,"15":0},"b":{"0":[0,0],"1":[0,0],"2":[0,0],"3":[0,0],"4":[0,0],"5":[0,0],"6":[0,0],"7":[0,0],"8":[0,0],"9":[0,0],"10":[0,0],"11":[0,0],"12":[0,0],"13":[0,0],"14":[0,0],"15":[0,0],"16":[0,0],"17":[0,0]}}
}
