TN:
SF:src\cli.js
FN:26,usage
FN:48,(anonymous_1)
FN:49,(anonymous_2)
FNF:3
FNH:0
FNDA:0,usage
FNDA:0,(anonymous_1)
FNDA:0,(anonymous_2)
DA:15,0
DA:16,0
DA:18,0
DA:20,0
DA:27,0
DA:36,0
DA:39,0
DA:40,0
DA:43,0
DA:48,0
DA:49,0
LF:11
LH:0
BRDA:39,0,0,0
BRDA:39,0,1,0
BRDA:39,1,0,0
BRDA:39,1,1,0
BRDA:48,2,0,0
BRDA:48,2,1,0
BRF:6
BRH:0
end_of_record
TN:
SF:src\logger.js
FN:17,(anonymous_0)
FNF:1
FNH:1
FNDA:7,(anonymous_0)
DA:5,4
DA:6,4
DA:7,4
DA:9,4
DA:10,4
DA:12,4
DA:18,7
DA:32,4
LF:8
LH:8
BRDA:13,0,0,4
BRDA:13,0,1,4
BRDA:18,1,0,0
BRDA:18,1,1,7
BRF:4
BRH:3
end_of_record
TN:
SF:src\audit\log.js
FN:21,hashEntry
FN:32,buildEntry
FN:38,formatLine
FN:43,parse
FN:44,(anonymous_4)
FN:50,lastHash
FN:61,append
FN:72,verifyChain
FNF:8
FNH:8
FNDA:17,hashEntry
FNDA:12,buildEntry
FNDA:6,formatLine
FNDA:6,parse
FNDA:12,(anonymous_4)
FNDA:5,lastHash
FNDA:5,append
FNDA:3,verifyChain
DA:14,1
DA:15,1
DA:16,1
DA:18,1
DA:22,17
DA:23,17
DA:33,12
DA:34,12
DA:39,6
DA:44,6
DA:45,12
DA:51,5
DA:52,5
DA:53,3
DA:54,3
DA:56,2
DA:62,5
DA:63,5
DA:64,5
DA:65,5
DA:73,3
DA:74,3
DA:75,3
DA:76,6
DA:77,6
DA:78,5
DA:79,4
DA:81,1
DA:84,1
LF:29
LH:29
BRDA:32,0,0,0
BRDA:32,1,0,4
BRDA:44,2,0,6
BRDA:44,2,1,0
BRDA:53,3,0,0
BRDA:53,3,1,3
BRDA:54,4,0,3
BRDA:54,4,1,0
BRDA:61,5,0,0
BRDA:73,6,0,3
BRDA:73,6,1,0
BRDA:77,7,0,1
BRDA:77,7,1,5
BRDA:78,8,0,1
BRDA:78,8,1,4
BRF:15
BRH:9
end_of_record
TN:
SF:src\auth\google-auth.js
FN:21,(anonymous_0)
FN:38,(anonymous_1)
FNF:2
FNH:0
FNDA:0,(anonymous_0)
FNDA:0,(anonymous_1)
DA:11,0
DA:12,0
DA:13,0
DA:14,0
DA:15,0
DA:17,0
DA:18,0
DA:19,0
DA:21,0
DA:22,0
DA:23,0
DA:24,0
DA:25,0
DA:28,0
DA:29,0
DA:30,0
DA:32,0
DA:33,0
DA:34,0
DA:35,0
DA:37,0
DA:38,0
DA:39,0
DA:40,0
DA:41,0
DA:42,0
DA:43,0
DA:44,0
DA:45,0
LF:29
LH:0
BRDA:18,0,0,0
BRDA:18,0,1,0
BRDA:19,1,0,0
BRDA:19,1,1,0
BRDA:22,2,0,0
BRDA:22,2,1,0
BRDA:29,3,0,0
BRDA:29,3,1,0
BRDA:30,4,0,0
BRDA:30,4,1,0
BRF:10
BRH:0
end_of_record
TN:
SF:src\backup\gdrive.js
FN:11,(anonymous_0)
FN:15,(anonymous_1)
FN:30,(anonymous_2)
FN:44,(anonymous_3)
FN:58,(anonymous_4)
FN:69,(anonymous_5)
FN:78,(anonymous_6)
FN:87,(anonymous_7)
FN:90,(anonymous_8)
FN:96,(anonymous_9)
FNF:10
FNH:0
FNDA:0,(anonymous_0)
FNDA:0,(anonymous_1)
FNDA:0,(anonymous_2)
FNDA:0,(anonymous_3)
FNDA:0,(anonymous_4)
FNDA:0,(anonymous_5)
FNDA:0,(anonymous_6)
FNDA:0,(anonymous_7)
FNDA:0,(anonymous_8)
FNDA:0,(anonymous_9)
DA:5,1
DA:6,1
DA:7,1
DA:8,1
DA:12,0
DA:16,0
DA:17,0
DA:18,0
DA:20,0
DA:21,0
DA:23,0
DA:27,0
DA:31,0
DA:35,0
DA:37,0
DA:41,0
DA:45,0
DA:46,0
DA:47,0
DA:49,0
DA:54,0
DA:55,0
DA:59,0
DA:60,0
DA:61,0
DA:66,0
DA:70,0
DA:75,0
DA:79,0
DA:84,0
DA:88,0
DA:89,0
DA:90,0
DA:91,0
DA:93,0
DA:97,0
DA:101,1
LF:37
LH:5
BRDA:17,0,0,0
BRDA:17,0,1,0
BRDA:18,1,0,0
BRDA:18,1,1,0
BRDA:20,2,0,0
BRDA:20,2,1,0
BRDA:35,3,0,0
BRDA:35,3,1,0
BRDA:44,4,0,0
BRDA:45,5,0,0
BRDA:45,5,1,0
BRF:11
BRH:0
end_of_record
TN:
SF:src\backup\github.js
FN:12,(anonymous_0)
FN:17,(anonymous_1)
FN:26,(anonymous_2)
FN:37,(anonymous_3)
FN:49,(anonymous_4)
FN:64,(anonymous_5)
FN:79,(anonymous_6)
FN:94,(anonymous_7)
FN:99,(anonymous_8)
FN:110,(anonymous_9)
FN:138,(anonymous_10)
FN:142,(anonymous_11)
FN:146,(anonymous_12)
FN:151,(anonymous_13)
FNF:14
FNH:0
FNDA:0,(anonymous_0)
FNDA:0,(anonymous_1)
FNDA:0,(anonymous_2)
FNDA:0,(anonymous_3)
FNDA:0,(anonymous_4)
FNDA:0,(anonymous_5)
FNDA:0,(anonymous_6)
FNDA:0,(anonymous_7)
FNDA:0,(anonymous_8)
FNDA:0,(anonymous_9)
FNDA:0,(anonymous_10)
FNDA:0,(anonymous_11)
FNDA:0,(anonymous_12)
FNDA:0,(anonymous_13)
DA:5,0
DA:6,0
DA:7,0
DA:8,0
DA:9,0
DA:13,0
DA:14,0
DA:18,0
DA:19,0
DA:20,0
DA:21,0
DA:27,0
DA:29,0
DA:30,0
DA:31,0
DA:32,0
DA:34,0
DA:38,0
DA:42,0
DA:43,0
DA:44,0
DA:45,0
DA:46,0
DA:50,0
DA:51,0
DA:52,0
DA:53,0
DA:56,0
DA:57,0
DA:58,0
DA:59,0
DA:61,0
DA:65,0
DA:66,0
DA:67,0
DA:68,0
DA:71,0
DA:72,0
DA:73,0
DA:74,0
DA:76,0
DA:80,0
DA:81,0
DA:82,0
DA:83,0
DA:86,0
DA:87,0
DA:88,0
DA:89,0
DA:91,0
DA:95,0
DA:96,0
DA:100,0
DA:101,0
DA:111,0
DA:112,0
DA:113,0
DA:114,0
DA:115,0
DA:116,0
DA:132,0
DA:133,0
DA:134,0
DA:136,0
DA:137,0
DA:138,0
DA:140,0
DA:141,0
DA:142,0
DA:144,0
DA:145,0
DA:146,0
DA:148,0
DA:152,0
DA:153,0
DA:154,0
DA:155,0
DA:156,0
DA:157,0
DA:160,0
DA:165,0
LF:81
LH:0
BRDA:29,0,0,0
BRDA:29,0,1,0
BRDA:31,1,0,0
BRDA:31,1,1,0
BRDA:56,2,0,0
BRDA:56,2,1,0
BRDA:58,3,0,0
BRDA:58,3,1,0
BRDA:71,4,0,0
BRDA:71,4,1,0
BRDA:73,5,0,0
BRDA:73,5,1,0
BRDA:86,6,0,0
BRDA:86,6,1,0
BRDA:88,7,0,0
BRDA:88,7,1,0
BRDA:115,8,0,0
BRDA:115,8,1,0
BRDA:142,9,0,0
BRDA:142,9,1,0
BRDA:146,10,0,0
BRDA:146,10,1,0
BRF:22
BRH:0
end_of_record
TN:
SF:src\backup\incremental.js
FN:28,readRefs
FN:36,(anonymous_1)
FN:44,refsEqual
FN:47,(anonymous_3)
FN:54,decideMode
FN:65,existingShas
FN:68,(anonymous_6)
FN:78,(anonymous_7)
FN:79,(anonymous_8)
FN:94,createBundle
FN:116,reconstruct
FNF:11
FNH:11
FNDA:4,readRefs
FNDA:4,(anonymous_1)
FNDA:6,refsEqual
FNDA:6,(anonymous_3)
FNDA:5,decideMode
FNDA:2,existingShas
FNDA:2,(anonymous_6)
FNDA:4,(anonymous_7)
FNDA:2,(anonymous_8)
FNDA:3,createBundle
FNDA:1,reconstruct
DA:25,1
DA:29,4
DA:30,4
DA:31,4
DA:33,0
DA:35,4
DA:36,4
DA:37,4
DA:38,4
DA:40,4
DA:45,6
DA:46,6
DA:47,6
DA:55,5
DA:56,3
DA:57,2
DA:66,2
DA:67,2
DA:68,2
DA:70,2
DA:71,2
DA:75,0
DA:78,4
DA:79,2
DA:95,3
DA:96,2
DA:97,2
DA:98,1
DA:99,1
DA:102,1
DA:104,2
DA:105,2
DA:117,1
DA:118,1
DA:119,1
DA:121,1
DA:124,1
LF:37
LH:35
BRDA:38,0,0,4
BRDA:38,0,1,0
BRDA:44,1,0,0
BRDA:44,2,0,0
BRDA:46,3,0,1
BRDA:46,3,1,5
BRDA:55,4,0,2
BRDA:55,4,1,3
BRDA:55,5,0,5
BRDA:55,5,1,4
BRDA:56,6,0,1
BRDA:56,6,1,2
BRDA:67,7,0,0
BRDA:67,7,1,2
BRDA:79,8,0,2
BRDA:79,8,1,2
BRDA:95,9,0,2
BRDA:95,9,1,1
BRDA:96,10,0,2
BRDA:96,10,1,0
BRDA:97,11,0,1
BRDA:97,11,1,1
BRDA:118,12,0,1
BRDA:118,12,1,0
BRF:24
BRH:18
end_of_record
TN:
SF:src\backup\index.js
FN:27,sleep
FN:28,(anonymous_1)
FN:31,withRateLimitRetry
FN:50,zipDirectory
FN:51,(anonymous_4)
FN:62,backupRepo
FN:191,(anonymous_6)
FN:194,(anonymous_7)
FN:197,(anonymous_8)
FN:200,(anonymous_9)
FN:203,(anonymous_10)
FN:206,(anonymous_11)
FN:259,backupGitLabProject
FN:340,loadPrevIncrementalState
FN:344,(anonymous_14)
FN:348,(anonymous_15)
FN:351,(anonymous_16)
FN:369,runBackup
FN:414,(anonymous_18)
FN:420,(anonymous_19)
FN:424,(anonymous_20)
FN:425,(anonymous_21)
FN:440,(anonymous_22)
FN:442,(anonymous_23)
FN:465,(anonymous_24)
FN:468,(anonymous_25)
FN:470,(anonymous_26)
FN:471,(anonymous_27)
FN:502,(anonymous_28)
FN:503,(anonymous_29)
FN:553,(anonymous_30)
FN:554,(anonymous_31)
FN:554,(anonymous_32)
FN:554,(anonymous_33)
FN:565,(anonymous_34)
FN:574,(anonymous_35)
FN:575,(anonymous_36)
FN:591,(anonymous_37)
FNF:38
FNH:0
FNDA:0,sleep
FNDA:0,(anonymous_1)
FNDA:0,withRateLimitRetry
FNDA:0,zipDirectory
FNDA:0,(anonymous_4)
FNDA:0,backupRepo
FNDA:0,(anonymous_6)
FNDA:0,(anonymous_7)
FNDA:0,(anonymous_8)
FNDA:0,(anonymous_9)
FNDA:0,(anonymous_10)
FNDA:0,(anonymous_11)
FNDA:0,backupGitLabProject
FNDA:0,loadPrevIncrementalState
FNDA:0,(anonymous_14)
FNDA:0,(anonymous_15)
FNDA:0,(anonymous_16)
FNDA:0,runBackup
FNDA:0,(anonymous_18)
FNDA:0,(anonymous_19)
FNDA:0,(anonymous_20)
FNDA:0,(anonymous_21)
FNDA:0,(anonymous_22)
FNDA:0,(anonymous_23)
FNDA:0,(anonymous_24)
FNDA:0,(anonymous_25)
FNDA:0,(anonymous_26)
FNDA:0,(anonymous_27)
FNDA:0,(anonymous_28)
FNDA:0,(anonymous_29)
FNDA:0,(anonymous_30)
FNDA:0,(anonymous_31)
FNDA:0,(anonymous_32)
FNDA:0,(anonymous_33)
FNDA:0,(anonymous_34)
FNDA:0,(anonymous_35)
FNDA:0,(anonymous_36)
FNDA:0,(anonymous_37)
DA:5,0
DA:6,0
DA:7,0
DA:8,0
DA:9,0
DA:10,0
DA:11,0
DA:12,0
DA:13,0
DA:14,0
DA:15,0
DA:16,0
DA:17,0
DA:19,0
DA:21,0
DA:23,0
DA:24,0
DA:25,0
DA:28,0
DA:32,0
DA:33,0
DA:35,0
DA:36,0
DA:37,0
DA:39,0
DA:40,0
DA:41,0
DA:42,0
DA:43,0
DA:44,0
DA:46,0
DA:51,0
DA:52,0
DA:53,0
DA:54,0
DA:55,0
DA:56,0
DA:57,0
DA:58,0
DA:63,0
DA:64,0
DA:65,0
DA:67,0
DA:69,0
DA:70,0
DA:71,0
DA:73,0
DA:74,0
DA:75,0
DA:79,0
DA:80,0
DA:81,0
DA:82,0
DA:83,0
DA:84,0
DA:89,0
DA:91,0
DA:92,0
DA:95,0
DA:96,0
DA:100,0
DA:101,0
DA:102,0
DA:103,0
DA:105,0
DA:106,0
DA:107,0
DA:110,0
DA:111,0
DA:112,0
DA:113,0
DA:114,0
DA:115,0
DA:116,0
DA:117,0
DA:119,0
DA:122,0
DA:125,0
DA:126,0
DA:128,0
DA:129,0
DA:130,0
DA:131,0
DA:133,0
DA:134,0
DA:135,0
DA:136,0
DA:137,0
DA:138,0
DA:139,0
DA:142,0
DA:146,0
DA:147,0
DA:148,0
DA:149,0
DA:152,0
DA:154,0
DA:155,0
DA:156,0
DA:157,0
DA:158,0
DA:160,0
DA:162,0
DA:165,0
DA:175,0
DA:176,0
DA:183,0
DA:184,0
DA:188,0
DA:190,0
DA:191,0
DA:193,0
DA:194,0
DA:196,0
DA:197,0
DA:199,0
DA:200,0
DA:202,0
DA:203,0
DA:205,0
DA:206,0
DA:208,0
DA:209,0
DA:210,0
DA:211,0
DA:212,0
DA:213,0
DA:214,0
DA:215,0
DA:216,0
DA:217,0
DA:219,0
DA:220,0
DA:221,0
DA:222,0
DA:223,0
DA:225,0
DA:226,0
DA:230,0
DA:231,0
DA:232,0
DA:233,0
DA:237,0
DA:238,0
DA:239,0
DA:240,0
DA:241,0
DA:242,0
DA:245,0
DA:246,0
DA:255,0
DA:260,0
DA:261,0
DA:262,0
DA:263,0
DA:265,0
DA:267,0
DA:269,0
DA:273,0
DA:274,0
DA:275,0
DA:276,0
DA:277,0
DA:289,0
DA:292,0
DA:293,0
DA:295,0
DA:296,0
DA:298,0
DA:299,0
DA:300,0
DA:301,0
DA:303,0
DA:304,0
DA:305,0
DA:306,0
DA:307,0
DA:308,0
DA:309,0
DA:312,0
DA:313,0
DA:314,0
DA:315,0
DA:316,0
DA:318,0
DA:320,0
DA:322,0
DA:330,0
DA:332,0
DA:341,0
DA:342,0
DA:343,0
DA:344,0
DA:345,0
DA:346,0
DA:347,0
DA:348,0
DA:349,0
DA:350,0
DA:351,0
DA:352,0
DA:353,0
DA:354,0
DA:355,0
DA:356,0
DA:358,0
DA:360,0
DA:364,0
DA:366,0
DA:370,0
DA:371,0
DA:372,0
DA:374,0
DA:375,0
DA:378,0
DA:380,0
DA:381,0
DA:385,0
DA:387,0
DA:388,0
DA:389,0
DA:391,0
DA:394,0
DA:395,0
DA:396,0
DA:397,0
DA:402,0
DA:403,0
DA:404,0
DA:405,0
DA:410,0
DA:413,0
DA:414,0
DA:418,0
DA:419,0
DA:420,0
DA:421,0
DA:422,0
DA:423,0
DA:424,0
DA:425,0
DA:427,0
DA:428,0
DA:429,0
DA:434,0
DA:436,0
DA:437,0
DA:438,0
DA:439,0
DA:440,0
DA:442,0
DA:443,0
DA:445,0
DA:446,0
DA:449,0
DA:453,0
DA:454,0
DA:455,0
DA:456,0
DA:457,0
DA:459,0
DA:460,0
DA:461,0
DA:462,0
DA:463,0
DA:465,0
DA:466,0
DA:467,0
DA:468,0
DA:469,0
DA:470,0
DA:471,0
DA:472,0
DA:475,0
DA:477,0
DA:479,0
DA:480,0
DA:482,0
DA:483,0
DA:484,0
DA:487,0
DA:489,0
DA:490,0
DA:491,0
DA:492,0
DA:494,0
DA:495,0
DA:501,0
DA:502,0
DA:503,0
DA:511,0
DA:517,0
DA:518,0
DA:519,0
DA:520,0
DA:521,0
DA:522,0
DA:527,0
DA:528,0
DA:529,0
DA:530,0
DA:531,0
DA:532,0
DA:534,0
DA:535,0
DA:536,0
DA:537,0
DA:538,0
DA:539,0
DA:540,0
DA:542,0
DA:546,0
DA:547,0
DA:550,0
DA:551,0
DA:552,0
DA:553,0
DA:554,0
DA:555,0
DA:556,0
DA:558,0
DA:562,0
DA:563,0
DA:564,0
DA:565,0
DA:566,0
DA:567,0
DA:571,0
DA:574,0
DA:575,0
DA:582,0
DA:583,0
DA:584,0
DA:586,0
DA:587,0
DA:590,0
DA:591,0
DA:594,0
LF:338
LH:0
BRDA:19,0,0,0
BRDA:19,0,1,0
BRDA:21,1,0,0
BRDA:21,1,1,0
BRDA:23,2,0,0
BRDA:23,2,1,0
BRDA:24,3,0,0
BRDA:24,3,1,0
BRDA:25,4,0,0
BRDA:25,4,1,0
BRDA:35,5,0,0
BRDA:35,5,1,0
BRDA:39,6,0,0
BRDA:39,6,1,0
BRDA:39,7,0,0
BRDA:39,7,1,0
BRDA:40,8,0,0
BRDA:40,8,1,0
BRDA:40,8,2,0
BRDA:41,9,0,0
BRDA:41,9,1,0
BRDA:74,10,0,0
BRDA:74,10,1,0
BRDA:81,11,0,0
BRDA:81,11,1,0
BRDA:84,12,0,0
BRDA:84,12,1,0
BRDA:89,13,0,0
BRDA:89,13,1,0
BRDA:89,14,0,0
BRDA:89,14,1,0
BRDA:89,14,2,0
BRDA:89,14,3,0
BRDA:95,15,0,0
BRDA:95,15,1,0
BRDA:101,16,0,0
BRDA:101,16,1,0
BRDA:111,17,0,0
BRDA:111,17,1,0
BRDA:114,18,0,0
BRDA:114,18,1,0
BRDA:115,19,0,0
BRDA:115,19,1,0
BRDA:133,20,0,0
BRDA:133,20,1,0
BRDA:146,21,0,0
BRDA:146,21,1,0
BRDA:154,22,0,0
BRDA:154,22,1,0
BRDA:156,23,0,0
BRDA:156,23,1,0
BRDA:156,24,0,0
BRDA:156,24,1,0
BRDA:157,25,0,0
BRDA:157,25,1,0
BRDA:171,26,0,0
BRDA:171,26,1,0
BRDA:175,27,0,0
BRDA:175,27,1,0
BRDA:184,28,0,0
BRDA:184,28,1,0
BRDA:190,29,0,0
BRDA:190,29,1,0
BRDA:193,30,0,0
BRDA:193,30,1,0
BRDA:196,31,0,0
BRDA:196,31,1,0
BRDA:199,32,0,0
BRDA:199,32,1,0
BRDA:202,33,0,0
BRDA:202,33,1,0
BRDA:205,34,0,0
BRDA:205,34,1,0
BRDA:208,35,0,0
BRDA:208,35,1,0
BRDA:210,36,0,0
BRDA:210,36,1,0
BRDA:215,37,0,0
BRDA:215,37,1,0
BRDA:221,38,0,0
BRDA:221,38,1,0
BRDA:221,39,0,0
BRDA:221,39,1,0
BRDA:222,40,0,0
BRDA:222,40,1,0
BRDA:231,41,0,0
BRDA:231,41,1,0
BRDA:237,42,0,0
BRDA:237,42,1,0
BRDA:237,43,0,0
BRDA:237,43,1,0
BRDA:237,43,2,0
BRDA:237,43,3,0
BRDA:241,44,0,0
BRDA:241,44,1,0
BRDA:250,45,0,0
BRDA:250,45,1,0
BRDA:251,46,0,0
BRDA:251,46,1,0
BRDA:252,47,0,0
BRDA:252,47,1,0
BRDA:303,48,0,0
BRDA:303,48,1,0
BRDA:314,49,0,0
BRDA:314,49,1,0
BRDA:330,50,0,0
BRDA:330,50,1,0
BRDA:345,51,0,0
BRDA:345,51,1,0
BRDA:352,52,0,0
BRDA:352,52,1,0
BRDA:369,53,0,0
BRDA:370,54,0,0
BRDA:370,54,1,0
BRDA:371,55,0,0
BRDA:371,55,1,0
BRDA:372,56,0,0
BRDA:372,56,1,0
BRDA:374,57,0,0
BRDA:374,57,1,0
BRDA:374,58,0,0
BRDA:374,58,1,0
BRDA:374,58,2,0
BRDA:382,59,0,0
BRDA:382,59,1,0
BRDA:383,60,0,0
BRDA:383,60,1,0
BRDA:395,61,0,0
BRDA:395,61,1,0
BRDA:403,62,0,0
BRDA:403,62,1,0
BRDA:404,63,0,0
BRDA:404,63,1,0
BRDA:413,64,0,0
BRDA:413,64,1,0
BRDA:418,65,0,0
BRDA:418,65,1,0
BRDA:418,65,2,0
BRDA:419,66,0,0
BRDA:419,66,1,0
BRDA:428,67,0,0
BRDA:428,67,1,0
BRDA:443,68,0,0
BRDA:443,68,1,0
BRDA:449,69,0,0
BRDA:449,69,1,0
BRDA:454,70,0,0
BRDA:454,70,1,0
BRDA:455,71,0,0
BRDA:455,71,1,0
BRDA:467,72,0,0
BRDA:467,72,1,0
BRDA:477,73,0,0
BRDA:477,73,1,0
BRDA:483,74,0,0
BRDA:483,74,1,0
BRDA:502,75,0,0
BRDA:502,75,1,0
BRDA:502,75,2,0
BRDA:508,76,0,0
BRDA:508,76,1,0
BRDA:521,77,0,0
BRDA:521,77,1,0
BRDA:529,78,0,0
BRDA:529,78,1,0
BRDA:532,79,0,0
BRDA:532,79,1,0
BRDA:537,80,0,0
BRDA:537,80,1,0
BRDA:539,81,0,0
BRDA:539,81,1,0
BRDA:540,82,0,0
BRDA:540,82,1,0
BRDA:551,83,0,0
BRDA:551,83,1,0
BRDA:554,84,0,0
BRDA:554,84,1,0
BRDA:554,85,0,0
BRDA:554,85,1,0
BRDA:555,86,0,0
BRDA:555,86,1,0
BRDA:556,87,0,0
BRDA:556,87,1,0
BRDA:563,88,0,0
BRDA:563,88,1,0
BRDA:566,89,0,0
BRDA:566,89,1,0
BRDA:567,90,0,0
BRDA:567,90,1,0
BRDA:567,91,0,0
BRDA:567,91,1,0
BRDA:576,92,0,0
BRDA:576,92,1,0
BRDA:577,93,0,0
BRDA:577,93,1,0
BRDA:578,94,0,0
BRDA:578,94,1,0
BRDA:583,95,0,0
BRDA:583,95,1,0
BRDA:590,96,0,0
BRDA:590,96,1,0
BRF:201
BRH:0
end_of_record
TN:
SF:src\backup\issues-archive.js
FN:12,esc
FN:18,row
FN:26,(anonymous_2)
FN:39,renderIssuesHtml
FN:40,(anonymous_4)
FN:43,(anonymous_5)
FN:44,(anonymous_6)
FNF:7
FNH:7
FNDA:43,esc
FNDA:5,row
FNDA:1,(anonymous_2)
FNDA:4,renderIssuesHtml
FNDA:5,(anonymous_4)
FNDA:4,(anonymous_5)
FNDA:1,(anonymous_6)
DA:13,43
DA:19,5
DA:20,5
DA:21,5
DA:22,5
DA:23,5
DA:24,5
DA:25,5
DA:26,1
DA:27,5
DA:40,5
DA:41,4
DA:42,4
DA:43,4
DA:44,1
DA:47,4
DA:83,1
LF:17
LH:17
BRDA:13,0,0,0
BRDA:13,0,1,43
BRDA:13,1,0,43
BRDA:13,1,1,43
BRDA:19,2,0,5
BRDA:19,2,1,0
BRDA:20,3,0,4
BRDA:20,3,1,1
BRDA:21,4,0,4
BRDA:21,4,1,1
BRDA:22,5,0,5
BRDA:22,5,1,0
BRDA:22,6,0,5
BRDA:22,6,1,5
BRDA:23,7,0,5
BRDA:23,7,1,0
BRDA:23,8,0,5
BRDA:23,8,1,5
BRDA:24,9,0,3
BRDA:24,9,1,2
BRDA:25,10,0,5
BRDA:25,10,1,4
BRDA:26,11,0,1
BRDA:26,11,1,0
BRDA:29,12,0,1
BRDA:29,12,1,4
BRDA:30,13,0,5
BRDA:30,13,1,0
BRDA:39,14,0,0
BRDA:40,15,0,4
BRDA:40,15,1,1
BRDA:41,16,0,4
BRDA:41,16,1,3
BRDA:50,17,0,4
BRDA:50,17,1,1
BRDA:70,18,0,4
BRDA:70,18,1,1
BRDA:71,19,0,4
BRDA:71,19,1,3
BRDA:76,20,0,4
BRDA:76,20,1,1
BRF:41
BRH:34
end_of_record
TN:
SF:src\backup\storage\azure.js
FN:18,_getClient
FN:35,uploadFile
FN:62,getOrCreateSessionFolder
FNF:3
FNH:1
FNDA:0,_getClient
FNDA:0,uploadFile
FNDA:1,getOrCreateSessionFolder
DA:13,1
DA:14,1
DA:16,1
DA:19,0
DA:20,0
DA:21,0
DA:24,0
DA:36,0
DA:37,0
DA:38,0
DA:39,0
DA:42,0
DA:44,0
DA:45,0
DA:47,0
DA:52,0
DA:63,1
DA:66,1
LF:18
LH:5
BRDA:19,0,0,0
BRDA:19,0,1,0
BRDA:37,1,0,0
BRDA:37,1,1,0
BRDA:38,2,0,0
BRDA:38,2,1,0
BRF:6
BRH:0
end_of_record
TN:
SF:src\backup\storage\b2.js
FN:23,_getClient
FN:47,uploadFile
FN:78,getOrCreateSessionFolder
FNF:3
FNH:1
FNDA:0,_getClient
FNDA:0,uploadFile
FNDA:1,getOrCreateSessionFolder
DA:16,1
DA:17,1
DA:19,1
DA:24,0
DA:25,0
DA:28,0
DA:36,0
DA:48,0
DA:49,0
DA:50,0
DA:51,0
DA:53,0
DA:60,0
DA:61,0
DA:62,0
DA:63,0
DA:66,0
DA:68,0
DA:79,1
DA:82,1
LF:20
LH:5
BRDA:24,0,0,0
BRDA:24,0,1,0
BRDA:49,1,0,0
BRDA:49,1,1,0
BRDA:60,2,0,0
BRDA:60,2,1,0
BRDA:61,3,0,0
BRDA:61,3,1,0
BRDA:62,4,0,0
BRDA:62,4,1,0
BRF:10
BRH:0
end_of_record
TN:
SF:src\backup\storage\drive.js
FN:13,_getDrive
FN:29,uploadFile
FN:40,getOrCreateSessionFolder
FNF:3
FNH:0
FNDA:0,_getDrive
FNDA:0,uploadFile
FNDA:0,getOrCreateSessionFolder
DA:9,0
DA:11,0
DA:14,0
DA:15,0
DA:19,0
DA:20,0
DA:30,0
DA:31,0
DA:41,0
DA:42,0
DA:45,0
LF:11
LH:0
BRDA:14,0,0,0
BRDA:14,0,1,0
BRDA:16,1,0,0
BRDA:16,1,1,0
BRDA:17,2,0,0
BRDA:17,2,1,0
BRF:6
BRH:0
end_of_record
TN:
SF:src\backup\storage\fanout.js
FN:25,parseTargets
FN:28,(anonymous_1)
FN:29,(anonymous_2)
FN:33,enabled
FN:37,_load
FN:46,initSessionFolders
FN:69,mirrorFile
FN:72,(anonymous_7)
FN:98,mirrorJson
FNF:9
FNH:9
FNDA:11,parseTargets
FNDA:16,(anonymous_1)
FNDA:16,(anonymous_2)
FNDA:4,enabled
FNDA:6,_load
FNDA:1,initSessionFolders
FNDA:4,mirrorFile
FNDA:5,(anonymous_7)
FNDA:2,mirrorJson
DA:19,1
DA:20,1
DA:22,1
DA:26,11
DA:28,16
DA:29,16
DA:34,4
DA:38,6
DA:47,1
DA:48,1
DA:49,1
DA:50,1
DA:52,0
DA:53,0
DA:56,1
DA:72,4
DA:73,5
DA:74,5
DA:75,5
DA:76,5
DA:77,5
DA:78,5
DA:79,1
DA:81,4
DA:83,5
DA:85,0
DA:86,0
DA:99,2
DA:100,1
DA:101,1
DA:102,1
DA:103,1
DA:105,1
DA:109,1
LF:34
LH:30
BRDA:26,0,0,11
BRDA:26,0,1,3
BRDA:74,1,0,5
BRDA:74,1,1,5
BRDA:74,1,2,0
BRDA:77,2,0,5
BRDA:77,2,1,2
BRDA:78,3,0,1
BRDA:78,3,1,4
BRDA:99,4,0,1
BRDA:99,4,1,1
BRF:11
BRH:10
end_of_record
TN:
SF:src\backup\storage\s3.js
FN:22,_getClient
FN:47,uploadFile
FN:72,wormParams
FN:89,getOrCreateSessionFolder
FNF:4
FNH:1
FNDA:0,_getClient
FNDA:0,uploadFile
FNDA:0,wormParams
FNDA:1,getOrCreateSessionFolder
DA:15,1
DA:16,1
DA:18,1
DA:23,0
DA:26,0
DA:29,0
DA:36,0
DA:48,0
DA:49,0
DA:50,0
DA:51,0
DA:53,0
DA:62,0
DA:73,0
DA:74,0
DA:75,0
DA:76,0
DA:90,1
DA:93,1
LF:19
LH:5
BRDA:23,0,0,0
BRDA:23,0,1,0
BRDA:30,1,0,0
BRDA:30,1,1,0
BRDA:49,2,0,0
BRDA:49,2,1,0
BRDA:73,3,0,0
BRDA:73,3,1,0
BRDA:74,4,0,0
BRDA:74,4,1,0
BRDA:74,5,0,0
BRDA:74,5,1,0
BRDA:77,6,0,0
BRDA:77,6,1,0
BRF:14
BRH:0
end_of_record
TN:
SF:src\cleanup\index.js
FN:18,log
FN:40,planCleanup
FN:41,(anonymous_2)
FN:63,readFileText
FN:73,buildChainDeps
FN:75,(anonymous_5)
FN:91,(anonymous_6)
FN:101,main
FN:127,(anonymous_8)
FN:134,(anonymous_9)
FN:151,(anonymous_10)
FNF:11
FNH:2
FNDA:0,log
FNDA:4,planCleanup
FNDA:8,(anonymous_2)
FNDA:0,readFileText
FNDA:0,buildChainDeps
FNDA:0,(anonymous_5)
FNDA:0,(anonymous_6)
FNDA:0,main
FNDA:0,(anonymous_8)
FNDA:0,(anonymous_9)
FNDA:0,(anonymous_10)
DA:5,1
DA:6,1
DA:7,1
DA:8,1
DA:10,1
DA:12,1
DA:13,1
DA:15,1
DA:16,1
DA:19,0
DA:20,0
DA:21,0
DA:41,8
DA:44,4
DA:45,4
DA:46,4
DA:47,7
DA:50,4
DA:51,4
DA:52,4
DA:53,4
DA:54,8
DA:55,8
DA:56,4
DA:57,2
DA:59,4
DA:64,0
DA:65,0
DA:74,0
DA:75,0
DA:76,0
DA:77,0
DA:78,0
DA:82,0
DA:83,0
DA:87,0
DA:88,0
DA:89,0
DA:90,0
DA:91,0
DA:93,0
DA:96,0
DA:98,0
DA:102,0
DA:103,0
DA:107,0
DA:112,0
DA:113,0
DA:115,0
DA:118,0
DA:120,0
DA:121,0
DA:127,0
DA:128,0
DA:132,0
DA:133,0
DA:134,0
DA:136,0
DA:137,0
DA:140,0
DA:141,0
DA:142,0
DA:143,0
DA:144,0
DA:147,0
DA:150,1
DA:151,0
DA:154,1
LF:68
LH:25
BRDA:12,0,0,1
BRDA:12,0,1,1
BRDA:15,1,0,0
BRDA:15,1,1,1
BRDA:40,2,0,0
BRDA:47,3,0,4
BRDA:47,3,1,1
BRDA:55,4,0,4
BRDA:55,4,1,4
BRDA:56,5,0,2
BRDA:56,5,1,2
BRDA:65,6,0,0
BRDA:65,6,1,0
BRDA:82,7,0,0
BRDA:82,7,1,0
BRDA:87,8,0,0
BRDA:87,8,1,0
BRDA:88,9,0,0
BRDA:88,9,1,0
BRDA:91,10,0,0
BRDA:91,10,1,0
BRDA:102,11,0,0
BRDA:102,11,1,0
BRDA:103,12,0,0
BRDA:103,12,1,0
BRDA:108,13,0,0
BRDA:108,13,1,0
BRDA:109,14,0,0
BRDA:109,14,1,0
BRDA:127,15,0,0
BRDA:127,15,1,0
BRDA:136,16,0,0
BRDA:136,16,1,0
BRDA:150,17,0,0
BRDA:150,17,1,1
BRF:35
BRH:10
end_of_record
TN:
SF:src\lib\archive-crypto.js
FN:32,sha256File
FN:33,(anonymous_1)
FN:37,(anonymous_2)
FN:38,(anonymous_3)
FN:43,encryptFile
FN:47,(anonymous_5)
FN:56,(anonymous_6)
FN:57,(anonymous_7)
FN:67,decryptFile
FNF:9
FNH:9
FNDA:2,sha256File
FNDA:2,(anonymous_1)
FNDA:2,(anonymous_2)
FNDA:2,(anonymous_3)
FNDA:4,encryptFile
FNDA:4,(anonymous_5)
FNDA:6,(anonymous_6)
FNDA:4,(anonymous_7)
FNDA:4,decryptFile
DA:22,1
DA:23,1
DA:24,1
DA:26,1
DA:27,1
DA:28,1
DA:29,1
DA:33,2
DA:34,2
DA:35,2
DA:36,2
DA:37,2
DA:38,2
DA:44,4
DA:45,4
DA:46,4
DA:47,4
DA:48,4
DA:49,4
DA:50,4
DA:51,4
DA:52,4
DA:53,4
DA:54,4
DA:55,4
DA:56,6
DA:57,4
DA:58,4
DA:68,4
DA:69,4
DA:70,4
DA:71,4
DA:72,4
DA:73,4
DA:75,4
DA:76,3
DA:77,3
DA:78,3
DA:79,3
DA:80,3
DA:81,3
DA:82,3
DA:83,3
DA:84,3
DA:89,1
DA:93,1
DA:94,1
DA:95,1
DA:96,1
DA:102,4
DA:106,1
LF:51
LH:51
BRDA:75,0,0,3
BRDA:75,0,1,1
BRF:2
BRH:2
end_of_record
TN:
SF:src\lib\manifest-signing.js
FN:19,generateKeyPair
FN:28,sign
FN:35,verify
FN:45,fingerprint
FNF:4
FNH:4
FNDA:3,generateKeyPair
FNDA:4,sign
FNDA:5,verify
FNDA:3,fingerprint
DA:16,1
DA:20,3
DA:21,3
DA:29,4
DA:31,4
DA:36,5
DA:37,5
DA:38,5
DA:40,0
DA:46,3
DA:47,3
DA:50,1
LF:12
LH:11
BRF:0
BRH:0
end_of_record
TN:
SF:src\lib\recovery-scorecard.js
FN:22,buildScorecard
FN:41,formatRto
FNF:2
FNH:2
FNDA:3,buildScorecard
FNDA:3,formatRto
DA:23,3
DA:24,3
DA:25,3
DA:42,3
DA:43,3
DA:44,1
DA:45,1
DA:48,1
LF:8
LH:8
BRDA:23,0,0,3
BRDA:23,0,1,0
BRDA:23,1,0,3
BRDA:23,1,1,0
BRDA:24,2,0,2
BRDA:24,2,1,1
BRDA:28,3,0,2
BRDA:28,3,1,1
BRDA:29,4,0,2
BRDA:29,4,1,1
BRDA:32,5,0,3
BRDA:32,5,1,0
BRDA:34,6,0,3
BRDA:34,6,1,1
BRDA:35,7,0,1
BRDA:35,7,1,2
BRDA:35,8,0,3
BRDA:35,8,1,3
BRDA:36,9,0,3
BRDA:36,9,1,2
BRDA:42,10,0,3
BRDA:42,10,1,1
BRDA:43,11,0,2
BRDA:43,11,1,1
BRF:24
BRH:21
end_of_record
TN:
SF:src\lib\safe-extract.js
FN:27,isSafeEntryPath
FN:39,isSymlinkEntry
FN:51,extractZipSafe
FNF:3
FNH:3
FNDA:11,isSafeEntryPath
FNDA:5,isSymlinkEntry
FNDA:2,extractZipSafe
DA:14,1
DA:15,1
DA:16,1
DA:19,1
DA:20,1
DA:28,11
DA:30,9
DA:31,9
DA:32,6
DA:33,6
DA:35,6
DA:41,5
DA:42,5
DA:52,2
DA:53,2
DA:54,2
DA:55,2
DA:56,2
DA:57,1
DA:58,1
DA:59,2
DA:60,2
DA:61,2
DA:62,2
DA:63,2
DA:64,2
DA:65,2
DA:67,1
DA:68,0
DA:70,1
DA:72,2
DA:76,1
LF:32
LH:31
BRDA:28,0,0,2
BRDA:28,0,1,9
BRDA:28,1,0,11
BRDA:28,1,1,9
BRDA:31,2,0,3
BRDA:31,2,1,6
BRDA:31,3,0,9
BRDA:31,3,1,6
BRDA:31,3,2,6
BRDA:35,4,0,6
BRDA:35,4,1,6
BRDA:41,5,0,5
BRDA:41,5,1,1
BRDA:59,6,0,0
BRDA:59,6,1,2
BRDA:60,7,0,0
BRDA:60,7,1,2
BRDA:62,8,0,0
BRDA:62,8,1,2
BRDA:67,9,0,0
BRDA:67,9,1,1
BRDA:68,10,0,0
BRDA:68,10,1,0
BRF:23
BRH:17
end_of_record
TN:
SF:src\restore\index.js
FN:20,decryptFile
FN:24,downloadAndVerify
FN:38,loadManifest
FN:39,(anonymous_3)
FN:63,verifySessionSignature
FN:65,(anonymous_5)
FN:66,(anonymous_6)
FN:98,fetchBundle
FN:116,reconstructFromChain
FN:117,(anonymous_9)
FN:135,(anonymous_10)
FN:138,(anonymous_11)
FN:146,(anonymous_12)
FN:154,(anonymous_13)
FN:160,parseRefLines
FN:162,(anonymous_15)
FN:177,deliverGit
FN:179,(anonymous_17)
FN:188,(anonymous_18)
FN:194,(anonymous_19)
FN:203,(anonymous_20)
FN:213,restoreRepo
FN:214,(anonymous_22)
FN:215,(anonymous_23)
FN:217,(anonymous_24)
FN:218,(anonymous_25)
FN:262,(anonymous_26)
FN:296,runRestore
FN:320,(anonymous_28)
FN:327,(anonymous_29)
FN:331,(anonymous_30)
FN:334,(anonymous_31)
FN:340,(anonymous_32)
FN:352,(anonymous_33)
FN:353,(anonymous_34)
FN:356,(anonymous_35)
FN:382,(anonymous_36)
FN:388,(anonymous_37)
FNF:38
FNH:0
FNDA:0,decryptFile
FNDA:0,downloadAndVerify
FNDA:0,loadManifest
FNDA:0,(anonymous_3)
FNDA:0,verifySessionSignature
FNDA:0,(anonymous_5)
FNDA:0,(anonymous_6)
FNDA:0,fetchBundle
FNDA:0,reconstructFromChain
FNDA:0,(anonymous_9)
FNDA:0,(anonymous_10)
FNDA:0,(anonymous_11)
FNDA:0,(anonymous_12)
FNDA:0,(anonymous_13)
FNDA:0,parseRefLines
FNDA:0,(anonymous_15)
FNDA:0,deliverGit
FNDA:0,(anonymous_17)
FNDA:0,(anonymous_18)
FNDA:0,(anonymous_19)
FNDA:0,(anonymous_20)
FNDA:0,restoreRepo
FNDA:0,(anonymous_22)
FNDA:0,(anonymous_23)
FNDA:0,(anonymous_24)
FNDA:0,(anonymous_25)
FNDA:0,(anonymous_26)
FNDA:0,runRestore
FNDA:0,(anonymous_28)
FNDA:0,(anonymous_29)
FNDA:0,(anonymous_30)
FNDA:0,(anonymous_31)
FNDA:0,(anonymous_32)
FNDA:0,(anonymous_33)
FNDA:0,(anonymous_34)
FNDA:0,(anonymous_35)
FNDA:0,(anonymous_36)
FNDA:0,(anonymous_37)
DA:5,0
DA:6,0
DA:7,0
DA:8,0
DA:9,0
DA:10,0
DA:11,0
DA:12,0
DA:13,0
DA:14,0
DA:15,0
DA:17,0
DA:21,0
DA:25,0
DA:27,0
DA:28,0
DA:29,0
DA:30,0
DA:31,0
DA:33,0
DA:39,0
DA:40,0
DA:42,0
DA:43,0
DA:44,0
DA:45,0
DA:46,0
DA:48,0
DA:50,0
DA:51,0
DA:52,0
DA:64,0
DA:65,0
DA:66,0
DA:67,0
DA:69,0
DA:70,0
DA:71,0
DA:73,0
DA:74,0
DA:75,0
DA:76,0
DA:78,0
DA:79,0
DA:80,0
DA:81,0
DA:82,0
DA:83,0
DA:84,0
DA:85,0
DA:86,0
DA:87,0
DA:89,0
DA:90,0
DA:92,0
DA:93,0
DA:99,0
DA:100,0
DA:101,0
DA:102,0
DA:103,0
DA:104,0
DA:105,0
DA:106,0
DA:117,0
DA:118,0
DA:119,0
DA:121,0
DA:122,0
DA:123,0
DA:124,0
DA:125,0
DA:126,0
DA:127,0
DA:130,0
DA:131,0
DA:132,0
DA:133,0
DA:134,0
DA:135,0
DA:136,0
DA:137,0
DA:138,0
DA:139,0
DA:140,0
DA:141,0
DA:142,0
DA:146,0
DA:147,0
DA:148,0
DA:149,0
DA:152,0
DA:153,0
DA:154,0
DA:155,0
DA:156,0
DA:161,0
DA:162,0
DA:163,0
DA:164,0
DA:166,0
DA:178,0
DA:179,0
DA:181,0
DA:182,0
DA:183,0
DA:184,0
DA:185,0
DA:186,0
DA:187,0
DA:188,0
DA:189,0
DA:190,0
DA:193,0
DA:194,0
DA:195,0
DA:196,0
DA:199,0
DA:200,0
DA:201,0
DA:202,0
DA:203,0
DA:204,0
DA:205,0
DA:207,0
DA:208,0
DA:210,0
DA:214,0
DA:215,0
DA:216,0
DA:217,0
DA:218,0
DA:220,0
DA:222,0
DA:223,0
DA:224,0
DA:225,0
DA:227,0
DA:228,0
DA:231,0
DA:233,0
DA:236,0
DA:237,0
DA:238,0
DA:239,0
DA:243,0
DA:244,0
DA:245,0
DA:246,0
DA:247,0
DA:248,0
DA:251,0
DA:254,0
DA:255,0
DA:256,0
DA:257,0
DA:260,0
DA:262,0
DA:263,0
DA:265,0
DA:267,0
DA:269,0
DA:270,0
DA:274,0
DA:275,0
DA:277,0
DA:278,0
DA:282,0
DA:283,0
DA:284,0
DA:287,0
DA:288,0
DA:297,0
DA:301,0
DA:302,0
DA:305,0
DA:306,0
DA:308,0
DA:312,0
DA:313,0
DA:317,0
DA:318,0
DA:319,0
DA:320,0
DA:321,0
DA:322,0
DA:324,0
DA:325,0
DA:327,0
DA:328,0
DA:331,0
DA:333,0
DA:334,0
DA:337,0
DA:339,0
DA:340,0
DA:344,0
DA:345,0
DA:346,0
DA:347,0
DA:349,0
DA:350,0
DA:351,0
DA:352,0
DA:353,0
DA:354,0
DA:355,0
DA:356,0
DA:358,0
DA:361,0
DA:362,0
DA:363,0
DA:366,0
DA:367,0
DA:368,0
DA:369,0
DA:372,0
DA:374,0
DA:375,0
DA:377,0
DA:378,0
DA:382,0
DA:383,0
DA:384,0
DA:387,0
DA:388,0
DA:391,0
LF:227
LH:0
BRDA:17,0,0,0
BRDA:17,0,1,0
BRDA:27,1,0,0
BRDA:27,1,1,0
BRDA:27,2,0,0
BRDA:27,2,1,0
BRDA:30,3,0,0
BRDA:30,3,1,0
BRDA:40,4,0,0
BRDA:40,4,1,0
BRDA:64,5,0,0
BRDA:64,5,1,0
BRDA:69,6,0,0
BRDA:69,6,1,0
BRDA:70,7,0,0
BRDA:70,7,1,0
BRDA:73,8,0,0
BRDA:73,8,1,0
BRDA:74,9,0,0
BRDA:74,9,1,0
BRDA:84,10,0,0
BRDA:84,10,1,0
BRDA:85,11,0,0
BRDA:85,11,1,0
BRDA:100,12,0,0
BRDA:100,12,1,0
BRDA:102,13,0,0
BRDA:102,13,1,0
BRDA:122,14,0,0
BRDA:122,14,1,0
BRDA:127,15,0,0
BRDA:127,15,1,0
BRDA:127,16,0,0
BRDA:127,16,1,0
BRDA:130,17,0,0
BRDA:130,17,1,0
BRDA:130,18,0,0
BRDA:130,18,1,0
BRDA:130,18,2,0
BRDA:133,19,0,0
BRDA:133,19,1,0
BRDA:135,20,0,0
BRDA:135,20,1,0
BRDA:136,21,0,0
BRDA:136,21,1,0
BRDA:138,22,0,0
BRDA:138,22,1,0
BRDA:139,23,0,0
BRDA:139,23,1,0
BRDA:146,24,0,0
BRDA:146,24,1,0
BRDA:162,25,0,0
BRDA:162,25,1,0
BRDA:164,26,0,0
BRDA:164,26,1,0
BRDA:164,27,0,0
BRDA:164,27,1,0
BRDA:179,28,0,0
BRDA:179,28,1,0
BRDA:181,29,0,0
BRDA:181,29,1,0
BRDA:189,30,0,0
BRDA:189,30,1,0
BRDA:204,31,0,0
BRDA:204,31,1,0
BRDA:213,32,0,0
BRDA:213,33,0,0
BRDA:213,34,0,0
BRDA:214,35,0,0
BRDA:214,35,1,0
BRDA:216,36,0,0
BRDA:216,36,1,0
BRDA:217,37,0,0
BRDA:217,37,1,0
BRDA:217,37,2,0
BRDA:220,38,0,0
BRDA:220,38,1,0
BRDA:227,39,0,0
BRDA:227,39,1,0
BRDA:228,40,0,0
BRDA:228,40,1,0
BRDA:236,41,0,0
BRDA:236,41,1,0
BRDA:243,42,0,0
BRDA:243,42,1,0
BRDA:243,43,0,0
BRDA:243,43,1,0
BRDA:245,44,0,0
BRDA:245,44,1,0
BRDA:246,45,0,0
BRDA:246,45,1,0
BRDA:254,46,0,0
BRDA:254,46,1,0
BRDA:265,47,0,0
BRDA:265,47,1,0
BRDA:274,48,0,0
BRDA:274,48,1,0
BRDA:277,49,0,0
BRDA:277,49,1,0
BRDA:282,50,0,0
BRDA:282,50,1,0
BRDA:282,51,0,0
BRDA:282,51,1,0
BRDA:282,51,2,0
BRDA:292,52,0,0
BRDA:292,52,1,0
BRDA:296,53,0,0
BRDA:305,54,0,0
BRDA:305,54,1,0
BRDA:305,54,2,0
BRDA:305,54,3,0
BRDA:305,55,0,0
BRDA:305,55,1,0
BRDA:306,56,0,0
BRDA:306,56,1,0
BRDA:309,57,0,0
BRDA:309,57,1,0
BRDA:310,58,0,0
BRDA:310,58,1,0
BRDA:313,59,0,0
BRDA:313,59,1,0
BRDA:319,60,0,0
BRDA:319,60,1,0
BRDA:319,61,0,0
BRDA:319,61,1,0
BRDA:321,62,0,0
BRDA:321,62,1,0
BRDA:324,63,0,0
BRDA:324,63,1,0
BRDA:325,64,0,0
BRDA:325,64,1,0
BRDA:339,65,0,0
BRDA:339,65,1,0
BRDA:344,66,0,0
BRDA:344,66,1,0
BRDA:352,67,0,0
BRDA:352,67,1,0
BRDA:353,68,0,0
BRDA:353,68,1,0
BRDA:355,69,0,0
BRDA:355,69,1,0
BRDA:356,70,0,0
BRDA:356,70,1,0
BRDA:387,71,0,0
BRDA:387,71,1,0
BRF:145
BRH:0
end_of_record
TN:
SF:src\restore\providers\gitea.js
FN:18,create
FN:26,repoExists
FN:38,(anonymous_2)
FN:57,(anonymous_3)
FN:62,(anonymous_4)
FN:68,(anonymous_5)
FN:72,(anonymous_6)
FN:78,(anonymous_7)
FNF:8
FNH:2
FNDA:2,create
FNDA:0,repoExists
FNDA:0,(anonymous_2)
FNDA:1,(anonymous_3)
FNDA:0,(anonymous_4)
FNDA:0,(anonymous_5)
FNDA:0,(anonymous_6)
FNDA:0,(anonymous_7)
DA:15,1
DA:16,1
DA:19,2
DA:20,2
DA:21,2
DA:22,2
DA:23,1
DA:24,1
DA:27,0
DA:28,0
DA:29,0
DA:31,0
DA:35,1
DA:39,0
DA:40,0
DA:41,0
DA:44,0
DA:49,0
DA:50,0
DA:52,0
DA:54,0
DA:58,1
DA:59,1
DA:63,0
DA:64,0
DA:73,0
DA:74,0
DA:84,1
LF:28
LH:12
BRDA:18,0,0,0
BRDA:19,1,0,2
BRDA:19,1,1,0
BRDA:20,2,0,0
BRDA:20,2,1,2
BRDA:21,3,0,2
BRDA:21,3,1,1
BRDA:21,3,2,1
BRDA:22,4,0,1
BRDA:22,4,1,1
BRDA:38,5,0,0
BRDA:39,6,0,0
BRDA:39,6,1,0
BRDA:62,7,0,0
BRDA:66,8,0,0
BRDA:66,8,1,0
BRDA:67,9,0,0
BRDA:67,9,1,0
BRDA:72,10,0,0
BRDA:76,11,0,0
BRDA:76,11,1,0
BRDA:77,12,0,0
BRDA:77,12,1,0
BRF:23
BRH:7
end_of_record
TN:
SF:src\restore\providers\github.js
FN:13,create
FN:21,(anonymous_1)
FN:35,(anonymous_2)
FN:39,(anonymous_3)
FN:44,(anonymous_4)
FN:48,(anonymous_5)
FN:53,(anonymous_6)
FN:63,(anonymous_7)
FN:66,(anonymous_8)
FN:74,(anonymous_9)
FN:77,(anonymous_10)
FNF:11
FNH:2
FNDA:2,create
FNDA:0,(anonymous_1)
FNDA:1,(anonymous_2)
FNDA:0,(anonymous_3)
FNDA:0,(anonymous_4)
FNDA:0,(anonymous_5)
FNDA:0,(anonymous_6)
FNDA:0,(anonymous_7)
FNDA:0,(anonymous_8)
FNDA:0,(anonymous_9)
FNDA:0,(anonymous_10)
DA:10,1
DA:11,1
DA:14,2
DA:15,2
DA:16,1
DA:18,1
DA:22,0
DA:23,0
DA:24,0
DA:26,0
DA:31,0
DA:36,1
DA:40,0
DA:41,0
DA:49,0
DA:50,0
DA:64,0
DA:66,0
DA:67,0
DA:68,0
DA:69,0
DA:70,0
DA:74,0
DA:76,0
DA:77,0
DA:79,0
DA:82,0
DA:87,1
LF:28
LH:8
BRDA:13,0,0,0
BRDA:14,1,0,2
BRDA:14,1,1,1
BRDA:15,2,0,1
BRDA:15,2,1,1
BRDA:21,3,0,0
BRDA:39,4,0,0
BRDA:43,5,0,0
BRDA:43,5,1,0
BRDA:48,6,0,0
BRDA:63,7,0,0
BRDA:68,8,0,0
BRDA:68,8,1,0
BRDA:73,9,0,0
BRDA:73,9,1,0
BRDA:74,10,0,0
BRDA:74,10,1,0
BRDA:74,11,0,0
BRDA:74,11,1,0
BRDA:76,12,0,0
BRDA:76,12,1,0
BRDA:76,13,0,0
BRDA:76,13,1,0
BRF:23
BRH:4
end_of_record
TN:
SF:src\restore\providers\gitlab.js
FN:18,create
FN:25,findProject
FN:38,(anonymous_2)
FN:55,(anonymous_3)
FN:60,(anonymous_4)
FN:68,(anonymous_5)
FN:72,(anonymous_6)
FN:80,(anonymous_7)
FNF:8
FNH:2
FNDA:3,create
FNDA:0,findProject
FNDA:0,(anonymous_2)
FNDA:2,(anonymous_3)
FNDA:0,(anonymous_4)
FNDA:0,(anonymous_5)
FNDA:0,(anonymous_6)
FNDA:0,(anonymous_7)
DA:15,1
DA:16,1
DA:19,3
DA:20,3
DA:21,2
DA:22,2
DA:23,2
DA:26,0
DA:27,0
DA:28,0
DA:29,0
DA:31,0
DA:35,2
DA:39,0
DA:40,0
DA:41,0
DA:42,0
DA:43,0
DA:45,0
DA:51,0
DA:52,0
DA:56,2
DA:57,2
DA:61,0
DA:62,0
DA:63,0
DA:64,0
DA:73,0
DA:74,0
DA:75,0
DA:76,0
DA:86,1
LF:32
LH:11
BRDA:18,0,0,0
BRDA:19,1,0,3
BRDA:19,1,1,1
BRDA:20,2,0,1
BRDA:20,2,1,2
BRDA:21,3,0,2
BRDA:21,3,1,1
BRDA:21,3,2,1
BRDA:38,4,0,0
BRDA:40,5,0,0
BRDA:40,5,1,0
BRDA:48,6,0,0
BRDA:48,6,1,0
BRDA:60,7,0,0
BRDA:61,8,0,0
BRDA:61,8,1,0
BRDA:62,9,0,0
BRDA:62,9,1,0
BRDA:66,10,0,0
BRDA:66,10,1,0
BRDA:67,11,0,0
BRDA:67,11,1,0
BRDA:72,12,0,0
BRDA:73,13,0,0
BRDA:73,13,1,0
BRDA:74,14,0,0
BRDA:74,14,1,0
BRDA:78,15,0,0
BRDA:78,15,1,0
BRDA:79,16,0,0
BRDA:79,16,1,0
BRF:31
BRH:7
end_of_record
TN:
SF:src\restore\providers\index.js
FN:16,(anonymous_0)
FN:17,(anonymous_1)
FN:18,(anonymous_2)
FN:19,(anonymous_3)
FN:23,resolveProviderId
FN:33,getProvider
FNF:6
FNH:6
FNDA:2,(anonymous_0)
FNDA:3,(anonymous_1)
FNDA:2,(anonymous_2)
FNDA:2,(anonymous_3)
FNDA:13,resolveProviderId
FNDA:9,getProvider
DA:15,1
DA:16,2
DA:17,3
DA:18,2
DA:19,2
DA:24,13
DA:26,13
DA:27,1
DA:29,12
DA:34,9
DA:35,9
DA:38,1
LF:12
LH:12
BRDA:23,0,0,2
BRDA:24,1,0,13
BRDA:24,1,1,2
BRDA:24,1,2,1
BRDA:26,2,0,1
BRDA:26,2,1,12
BRDA:33,3,0,0
BRF:7
BRH:6
end_of_record
TN:
SF:src\restore\providers\local.js
FN:15,create
FN:21,(anonymous_1)
FN:22,(anonymous_2)
FN:23,(anonymous_3)
FN:24,(anonymous_4)
FNF:5
FNH:4
FNDA:2,create
FNDA:1,(anonymous_1)
FNDA:1,(anonymous_2)
FNDA:1,(anonymous_3)
FNDA:0,(anonymous_4)
DA:13,1
DA:16,2
DA:17,2
DA:22,1
DA:28,1
LF:5
LH:5
BRDA:15,0,0,0
BRDA:16,1,0,2
BRDA:16,1,1,1
BRDA:16,1,2,1
BRF:4
BRH:3
end_of_record
TN:
SF:src\server\app.js
FN:42,(anonymous_0)
FNF:1
FNH:0
FNDA:0,(anonymous_0)
DA:5,0
DA:6,0
DA:7,0
DA:8,0
DA:9,0
DA:10,0
DA:11,0
DA:13,0
DA:14,0
DA:16,0
DA:21,0
DA:23,0
DA:24,0
DA:25,0
DA:28,0
DA:36,0
DA:37,0
DA:39,0
DA:42,0
DA:43,0
DA:53,0
LF:21
LH:0
BRDA:14,0,0,0
BRDA:14,0,1,0
BRDA:16,1,0,0
BRDA:16,1,1,0
BRDA:30,2,0,0
BRDA:30,2,1,0
BRDA:36,3,0,0
BRDA:36,3,1,0
BRF:8
BRH:0
end_of_record
TN:
SF:src\server\auth.js
FN:16,safeEqual
FN:28,apiKeyGuard
FN:30,(anonymous_2)
FN:32,(anonymous_3)
FNF:4
FNH:4
FNDA:5,safeEqual
FNDA:4,apiKeyGuard
FNDA:1,(anonymous_2)
FNDA:3,(anonymous_3)
DA:13,1
DA:17,5
DA:18,5
DA:19,5
DA:20,3
DA:29,4
DA:30,1
DA:32,3
DA:33,3
DA:34,3
DA:35,2
DA:39,1
LF:12
LH:12
BRDA:19,0,0,2
BRDA:19,0,1,3
BRDA:29,1,0,1
BRDA:29,1,1,3
BRDA:33,2,0,3
BRDA:33,2,1,0
BRDA:33,3,0,0
BRDA:33,3,1,0
BRDA:34,4,0,1
BRDA:34,4,1,2
BRDA:34,5,0,3
BRDA:34,5,1,2
BRF:12
BRH:9
end_of_record
TN:
SF:src\server\public\app.js
FN:6,(anonymous_0)
FN:7,(anonymous_1)
FN:10,(anonymous_2)
FN:11,(anonymous_3)
FN:23,(anonymous_4)
FN:33,relTime
FN:42,badge
FN:47,renderJobList
FN:49,(anonymous_8)
FN:59,checkStatus
FN:80,loadDashboard
FN:89,(anonymous_11)
FN:106,loadRepos
FN:117,renderRepos
FN:119,(anonymous_14)
FN:127,(anonymous_15)
FN:129,(anonymous_16)
FN:132,(anonymous_17)
FN:133,(anonymous_18)
FN:136,(anonymous_19)
FN:137,(anonymous_20)
FN:139,(anonymous_21)
FN:158,loadSessions
FN:164,(anonymous_23)
FN:170,(anonymous_24)
FN:172,(anonymous_25)
FN:173,(anonymous_26)
FN:174,(anonymous_27)
FN:185,(anonymous_28)
FN:194,(anonymous_29)
FN:204,(anonymous_30)
FN:208,(anonymous_31)
FN:229,loadHistory
FN:240,loadSettingsStatus
FN:262,(anonymous_34)
FN:271,(anonymous_35)
FN:279,pollJob
FN:280,(anonymous_37)
FN:293,(anonymous_38)
FNF:39
FNH:0
FNDA:0,(anonymous_0)
FNDA:0,(anonymous_1)
FNDA:0,(anonymous_2)
FNDA:0,(anonymous_3)
FNDA:0,(anonymous_4)
FNDA:0,relTime
FNDA:0,badge
FNDA:0,renderJobList
FNDA:0,(anonymous_8)
FNDA:0,checkStatus
FNDA:0,loadDashboard
FNDA:0,(anonymous_11)
FNDA:0,loadRepos
FNDA:0,renderRepos
FNDA:0,(anonymous_14)
FNDA:0,(anonymous_15)
FNDA:0,(anonymous_16)
FNDA:0,(anonymous_17)
FNDA:0,(anonymous_18)
FNDA:0,(anonymous_19)
FNDA:0,(anonymous_20)
FNDA:0,(anonymous_21)
FNDA:0,loadSessions
FNDA:0,(anonymous_23)
FNDA:0,(anonymous_24)
FNDA:0,(anonymous_25)
FNDA:0,(anonymous_26)
FNDA:0,(anonymous_27)
FNDA:0,(anonymous_28)
FNDA:0,(anonymous_29)
FNDA:0,(anonymous_30)
FNDA:0,(anonymous_31)
FNDA:0,loadHistory
FNDA:0,loadSettingsStatus
FNDA:0,(anonymous_34)
FNDA:0,(anonymous_35)
FNDA:0,pollJob
FNDA:0,(anonymous_37)
FNDA:0,(anonymous_38)
DA:6,0
DA:7,0
DA:8,0
DA:9,0
DA:10,0
DA:11,0
DA:12,0
DA:13,0
DA:14,0
DA:15,0
DA:16,0
DA:17,0
DA:18,0
DA:23,0
DA:24,0
DA:29,0
DA:30,0
DA:34,0
DA:35,0
DA:36,0
DA:37,0
DA:38,0
DA:39,0
DA:43,0
DA:44,0
DA:48,0
DA:49,0
DA:60,0
DA:61,0
DA:62,0
DA:63,0
DA:64,0
DA:65,0
DA:67,0
DA:68,0
DA:70,0
DA:72,0
DA:73,0
DA:74,0
DA:77,0
DA:81,0
DA:85,0
DA:86,0
DA:88,0
DA:89,0
DA:90,0
DA:92,0
DA:93,0
DA:94,0
DA:95,0
DA:97,0
DA:100,0
DA:101,0
DA:104,0
DA:107,0
DA:108,0
DA:109,0
DA:110,0
DA:111,0
DA:113,0
DA:118,0
DA:119,0
DA:127,0
DA:128,0
DA:129,0
DA:132,0
DA:133,0
DA:136,0
DA:137,0
DA:138,0
DA:139,0
DA:141,0
DA:142,0
DA:143,0
DA:144,0
DA:145,0
DA:147,0
DA:148,0
DA:149,0
DA:150,0
DA:152,0
DA:153,0
DA:159,0
DA:160,0
DA:161,0
DA:162,0
DA:163,0
DA:164,0
DA:169,0
DA:170,0
DA:172,0
DA:173,0
DA:174,0
DA:175,0
DA:176,0
DA:177,0
DA:181,0
DA:185,0
DA:186,0
DA:187,0
DA:188,0
DA:189,0
DA:190,0
DA:191,0
DA:192,0
DA:193,0
DA:194,0
DA:200,0
DA:204,0
DA:205,0
DA:206,0
DA:208,0
DA:209,0
DA:210,0
DA:212,0
DA:213,0
DA:214,0
DA:215,0
DA:216,0
DA:218,0
DA:219,0
DA:220,0
DA:221,0
DA:223,0
DA:224,0
DA:230,0
DA:231,0
DA:232,0
DA:234,0
DA:237,0
DA:241,0
DA:242,0
DA:243,0
DA:244,0
DA:258,0
DA:262,0
DA:263,0
DA:264,0
DA:265,0
DA:266,0
DA:267,0
DA:268,0
DA:271,0
DA:272,0
DA:273,0
DA:274,0
DA:275,0
DA:280,0
DA:281,0
DA:282,0
DA:283,0
DA:284,0
DA:285,0
DA:287,0
DA:288,0
DA:289,0
DA:290,0
DA:291,0
DA:293,0
DA:294,0
DA:296,0
DA:299,0
DA:300,0
LF:163
LH:0
BRDA:14,0,0,0
BRDA:14,0,1,0
BRDA:15,1,0,0
BRDA:15,1,1,0
BRDA:16,2,0,0
BRDA:16,2,1,0
BRDA:17,3,0,0
BRDA:17,3,1,0
BRDA:18,4,0,0
BRDA:18,4,1,0
BRDA:26,5,0,0
BRDA:26,5,1,0
BRDA:27,6,0,0
BRDA:27,6,1,0
BRDA:29,7,0,0
BRDA:29,7,1,0
BRDA:29,8,0,0
BRDA:29,8,1,0
BRDA:34,9,0,0
BRDA:34,9,1,0
BRDA:36,10,0,0
BRDA:36,10,1,0
BRDA:37,11,0,0
BRDA:37,11,1,0
BRDA:38,12,0,0
BRDA:38,12,1,0
BRDA:43,13,0,0
BRDA:43,13,1,0
BRDA:48,14,0,0
BRDA:48,14,1,0
BRDA:53,15,0,0
BRDA:53,15,1,0
BRDA:53,16,0,0
BRDA:53,16,1,0
BRDA:63,17,0,0
BRDA:63,17,1,0
BRDA:63,18,0,0
BRDA:63,18,1,0
BRDA:85,19,0,0
BRDA:85,19,1,0
BRDA:86,20,0,0
BRDA:86,20,1,0
BRDA:90,21,0,0
BRDA:90,21,1,0
BRDA:119,22,0,0
BRDA:119,22,1,0
BRDA:123,23,0,0
BRDA:123,23,1,0
BRDA:123,24,0,0
BRDA:123,24,1,0
BRDA:138,25,0,0
BRDA:138,25,1,0
BRDA:164,26,0,0
BRDA:164,26,1,0
BRDA:189,27,0,0
BRDA:189,27,1,0
BRDA:206,28,0,0
BRDA:206,28,1,0
BRDA:209,29,0,0
BRDA:209,29,1,0
BRDA:247,30,0,0
BRDA:247,30,1,0
BRDA:253,31,0,0
BRDA:253,31,1,0
BRDA:264,32,0,0
BRDA:264,32,1,0
BRDA:267,33,0,0
BRDA:267,33,1,0
BRDA:274,34,0,0
BRDA:274,34,1,0
BRDA:283,35,0,0
BRDA:283,35,1,0
BRDA:289,36,0,0
BRDA:289,36,1,0
BRDA:290,37,0,0
BRDA:290,37,1,0
BRDA:291,38,0,0
BRDA:291,38,1,0
BRDA:293,39,0,0
BRDA:293,39,1,0
BRF:80
BRH:0
end_of_record
TN:
SF:src\server\routes\api.js
FN:15,makeJobId
FN:20,(anonymous_1)
FN:37,(anonymous_2)
FN:43,(anonymous_3)
FN:50,(anonymous_4)
FN:65,(anonymous_5)
FN:73,(anonymous_6)
FN:80,(anonymous_7)
FN:92,(anonymous_8)
FN:93,(anonymous_9)
FN:99,(anonymous_10)
FN:116,(anonymous_11)
FN:117,(anonymous_12)
FN:123,(anonymous_13)
FN:129,(anonymous_14)
FN:130,(anonymous_15)
FNF:16
FNH:0
FNDA:0,makeJobId
FNDA:0,(anonymous_1)
FNDA:0,(anonymous_2)
FNDA:0,(anonymous_3)
FNDA:0,(anonymous_4)
FNDA:0,(anonymous_5)
FNDA:0,(anonymous_6)
FNDA:0,(anonymous_7)
FNDA:0,(anonymous_8)
FNDA:0,(anonymous_9)
FNDA:0,(anonymous_10)
FNDA:0,(anonymous_11)
FNDA:0,(anonymous_12)
FNDA:0,(anonymous_13)
FNDA:0,(anonymous_14)
FNDA:0,(anonymous_15)
DA:5,0
DA:6,0
DA:7,0
DA:8,0
DA:9,0
DA:10,0
DA:13,0
DA:16,0
DA:20,0
DA:21,0
DA:22,0
DA:25,0
DA:26,0
DA:27,0
DA:28,0
DA:29,0
DA:30,0
DA:31,0
DA:33,0
DA:37,0
DA:38,0
DA:39,0
DA:40,0
DA:41,0
DA:42,0
DA:43,0
DA:45,0
DA:50,0
DA:51,0
DA:52,0
DA:56,0
DA:57,0
DA:58,0
DA:60,0
DA:65,0
DA:66,0
DA:67,0
DA:71,0
DA:72,0
DA:73,0
DA:75,0
DA:80,0
DA:81,0
DA:82,0
DA:89,0
DA:91,0
DA:92,0
DA:93,0
DA:95,0
DA:99,0
DA:100,0
DA:101,0
DA:111,0
DA:113,0
DA:115,0
DA:116,0
DA:117,0
DA:119,0
DA:123,0
DA:124,0
DA:125,0
DA:126,0
DA:129,0
DA:130,0
DA:133,0
LF:65
LH:0
BRDA:21,0,0,0
BRDA:21,0,1,0
BRDA:23,1,0,0
BRDA:23,1,1,0
BRDA:39,2,0,0
BRDA:39,2,1,0
BRDA:40,3,0,0
BRDA:40,3,1,0
BRDA:53,4,0,0
BRDA:53,4,1,0
BRDA:54,5,0,0
BRDA:54,5,1,0
BRDA:68,6,0,0
BRDA:68,6,1,0
BRDA:69,7,0,0
BRDA:69,7,1,0
BRDA:83,8,0,0
BRDA:83,8,1,0
BRDA:84,9,0,0
BRDA:84,9,1,0
BRDA:85,10,0,0
BRDA:85,10,1,0
BRDA:86,11,0,0
BRDA:86,11,1,0
BRDA:102,12,0,0
BRDA:102,12,1,0
BRDA:103,13,0,0
BRDA:103,13,1,0
BRDA:104,14,0,0
BRDA:104,14,1,0
BRDA:106,15,0,0
BRDA:106,15,1,0
BRDA:111,16,0,0
BRDA:111,16,1,0
BRDA:125,17,0,0
BRDA:125,17,1,0
BRF:36
BRH:0
end_of_record
